#
# A fatal error has been detected by the Java Runtime Environment:
#
#  EXCEPTION_ACCESS_VIOLATION (0xc0000005) at pc=0x00007ffaa53b1a86, pid=10180, tid=3360
#
# JRE version: OpenJDK Runtime Environment (11.0.12+7) (build 11.0.12+7-b1504.28-7817840)
# Java VM: OpenJDK 64-Bit Server VM (11.0.12+7-b1504.28-7817840, mixed mode, tiered, compressed oops, g1 gc, windows-amd64)
# Problematic frame:
# V  [jvm.dll+0x191a86]
#
# No core dump will be written. Minidumps are not enabled by default on client versions of Windows
#
# If you would like to submit a bug report, please visit:
#   https://bugreport.java.com/bugreport/crash.jsp
#

---------------  S U M M A R Y ------------

Command Line: --add-opens=java.base/java.util=ALL-UNNAMED --add-opens=java.base/java.lang=ALL-UNNAMED --add-opens=java.base/java.lang.invoke=ALL-UNNAMED --add-opens=java.base/java.util=ALL-UNNAMED --add-opens=java.prefs/java.util.prefs=ALL-UNNAMED --add-opens=java.prefs/java.util.prefs=ALL-UNNAMED --add-opens=java.base/java.nio.charset=ALL-UNNAMED --add-opens=java.base/java.net=ALL-UNNAMED --add-opens=java.base/java.util.concurrent.atomic=ALL-UNNAMED -Xmx2048m -Dfile.encoding=UTF-8 -Duser.country=ES -Duser.language=es -Duser.variant org.gradle.launcher.daemon.bootstrap.GradleDaemon 7.3.3

Host: Intel(R) Core(TM) i3-8145U CPU @ 2.10GHz, 4 cores, 7G,  Windows 10 , 64 bit Build 19041 (10.0.19041.1706)
Time: Tue May 24 23:32:28 2022 Hora de verano central (México) elapsed time: 1596.833106 seconds (0d 0h 26m 36s)

---------------  T H R E A D  ---------------

Current thread (0x000001f2d72f9800):  ConcurrentGCThread "G1 Conc#0" [stack: 0x00000018d3800000,0x00000018d3900000] [id=3360]

Stack: [0x00000018d3800000,0x00000018d3900000],  sp=0x00000018d38ff6a8,  free space=1021k
Native frames: (J=compiled Java code, j=interpreted, Vv=VM code, C=native code)
V  [jvm.dll+0x191a86]


siginfo: EXCEPTION_ACCESS_VIOLATION (0xc0000005), reading address 0x00000002b1030ba8


Register to memory mapping:

RIP=0x00007ffaa53b1a86 jvm.dll
RAX=0x0000000000000001 is an unknown value
RBX=0x00000000869efd90 is pointing into object: [B 
{0x00000000869ef010} - klass: {type array byte}
 - length: 10326
RCX=0x00000000869efd90 is pointing into object: [B 
{0x00000000869ef010} - klass: {type array byte}
 - length: 10326
RDX=0x00000000869efd90 is pointing into object: [B 
{0x00000000869ef010} - klass: {type array byte}
 - length: 10326
RSP=0x00000018d38ff6a8 points into unknown readable memory: 0x00007ffaa55022ea | ea 22 50 a5 fa 7f 00 00
RBP=0x000001f2d72eeda0 points into unknown readable memory: 0x000001f2d72f7800 | 00 78 2f d7 f2 01 00 00
RSI=0x0000000000000001 is an unknown value
RDI=0x0 is NULL
R8 =0x0 is NULL
R9 =0x00000002b1030ba0 is an unknown value
R10=0x000001f2d72eeda0 points into unknown readable memory: 0x000001f2d72f7800 | 00 78 2f d7 f2 01 00 00
R11=0x000001f2ea9c0000 points into unknown readable memory: 0x2488004408909091 | 91 90 90 08 44 00 88 24
R12=0x000000000000000c is an unknown value
R13=0xaaaaaaaaaaaaaaab is an unknown value
R14=0x0 is NULL
R15=0x00000000869eb170 is an oop: java.util.concurrent.ConcurrentHashMap$Node 
{0x00000000869eb170} - klass: 'java/util/concurrent/ConcurrentHashMap$Node'


Registers:
RAX=0x0000000000000001, RBX=0x00000000869efd90, RCX=0x00000000869efd90, RDX=0x00000000869efd90
RSP=0x00000018d38ff6a8, RBP=0x000001f2d72eeda0, RSI=0x0000000000000001, RDI=0x0000000000000000
R8 =0x0000000000000000, R9 =0x00000002b1030ba0, R10=0x000001f2d72eeda0, R11=0x000001f2ea9c0000
R12=0x000000000000000c, R13=0xaaaaaaaaaaaaaaab, R14=0x0000000000000000, R15=0x00000000869eb170
RIP=0x00007ffaa53b1a86, EFLAGS=0x0000000000010206

Top of Stack: (sp=0x00000018d38ff6a8)
0x00000018d38ff6a8:   00007ffaa55022ea 00000000869efd90
0x00000018d38ff6b8:   000000010001ba50 000001f2d72fb6c0
0x00000018d38ff6c8:   00000018d38ff8b8 000000010001ba58
0x00000018d38ff6d8:   00007ffaa5502196 000000010001ba50
0x00000018d38ff6e8:   00000000869efd90 000001f2d72fb8a0
0x00000018d38ff6f8:   00000018d38ff8b8 0000000000000000
0x00000018d38ff708:   00000018d38ff8b8 00000000869eb18c
0x00000018d38ff718:   00007ffaa54f9fbd 0000000000000004
0x00000018d38ff728:   00000000869eb184 0000000000000002
0x00000018d38ff738:   00000018d38ff8b8 00000018d38ff890
0x00000018d38ff748:   000001f2d72fa201 000000010001b808
0x00000018d38ff758:   00007ffaa54f9871 0000000000000004
0x00000018d38ff768:   00000018d38ff8b8 00000000869eb170
0x00000018d38ff778:   0000000000000000 00000000869eb170
0x00000018d38ff788:   00007ffaa5507d4f 000001f2d72fb8a0
0x00000018d38ff798:   0000000000d40000 00000018d38ff890 

Instructions: (pc=0x00007ffaa53b1a86)
0x00007ffaa53b1986:   48 89 5c 24 20 e8 f0 00 00 00 80 7f 30 00 48 63
0x00007ffaa53b1996:   c8 48 89 4c 24 28 0f 28 44 24 20 74 17 0f 11 86
0x00007ffaa53b19a6:   98 03 00 00 48 8b 5c 24 40 48 8b 74 24 48 48 83
0x00007ffaa53b19b6:   c4 30 5f c3 48 8b 07 48 8d 54 24 20 48 8b cf 66
0x00007ffaa53b19c6:   0f 7f 44 24 20 ff 50 38 48 8b 5c 24 40 48 8b 74
0x00007ffaa53b19d6:   24 48 48 83 c4 30 5f c3 cc cc 40 53 48 83 ec 30
0x00007ffaa53b19e6:   0f 10 82 98 03 00 00 48 8b da 0f 10 c8 66 0f 73
0x00007ffaa53b19f6:   d9 08 66 48 0f 7e c8 48 85 c0 74 28 48 8b 01 48
0x00007ffaa53b1a06:   8d 54 24 20 0f 29 44 24 20 ff 50 40 33 c0 48 89
0x00007ffaa53b1a16:   44 24 20 48 89 44 24 28 0f 10 44 24 20 0f 11 83
0x00007ffaa53b1a26:   98 03 00 00 48 83 c4 30 5b c3 48 8b 49 38 48 8b
0x00007ffaa53b1a36:   01 48 ff 60 28 cc cc cc cc cc 80 3d 91 a6 87 00
0x00007ffaa53b1a46:   00 48 8b c1 74 1b 8b 51 08 8b 0d 83 13 83 00 48
0x00007ffaa53b1a56:   d3 e2 48 8b c8 48 03 15 6e 13 83 00 e9 19 00 00
0x00007ffaa53b1a66:   00 48 8b 51 08 48 8b c8 e9 0d 00 00 00 cc cc cc
0x00007ffaa53b1a76:   cc cc cc cc cc cc cc cc cc cc 4c 8b ca 48 8b d1
0x00007ffaa53b1a86:   45 8b 41 08 45 85 c0 7e 0e 41 f6 c0 01 75 59 41
0x00007ffaa53b1a96:   c1 f8 03 41 8b c0 c3 79 4f 80 3d 32 a6 87 00 00
0x00007ffaa53b1aa6:   b8 0c 00 00 00 b9 10 00 00 00 0f 45 c8 8b 05 ab
0x00007ffaa53b1ab6:   5c 81 00 ff c8 4c 63 c8 48 63 c1 41 8b c8 83 e1
0x00007ffaa53b1ac6:   3f 48 63 14 10 41 8b c0 48 c1 f8 10 0f b6 c0 48
0x00007ffaa53b1ad6:   d3 e2 49 8d 0c 11 49 f7 d1 48 03 c1 49 c1 e9 03
0x00007ffaa53b1ae6:   48 c1 e8 03 41 23 c1 c3 49 8b 01 49 8b c9 48 ff
0x00007ffaa53b1af6:   a0 10 01 00 00 cc cc cc cc cc 48 83 ec 38 0f 10
0x00007ffaa53b1b06:   02 48 8b 49 38 48 8d 54 24 20 0f 29 44 24 20 e8
0x00007ffaa53b1b16:   66 f0 ff ff 48 83 c4 38 c3 cc 48 89 5c 24 08 55
0x00007ffaa53b1b26:   56 57 41 54 41 55 41 56 41 57 48 8d 6c 24 e0 48
0x00007ffaa53b1b36:   81 ec 20 01 00 00 48 8b 05 7d 99 84 00 48 33 c4
0x00007ffaa53b1b46:   48 89 45 10 48 8b 05 ff 0f 87 00 45 33 ed 4c 8b
0x00007ffaa53b1b56:   b5 80 00 00 00 4c 8b fa 48 8b bd 88 00 00 00 4d
0x00007ffaa53b1b66:   8b c6 49 8b d6 49 8b f1 48 8b 48 38 48 8b 59 48
0x00007ffaa53b1b76:   49 8b cf c7 45 c0 ff ff ff ff 44 89 6d d4 4c 89 


Stack slot to memory mapping:
stack at sp + 0 slots: 0x00007ffaa55022ea jvm.dll
stack at sp + 1 slots: 0x00000000869efd90 is pointing into object: [B 
{0x00000000869ef010} - klass: {type array byte}
 - length: 10326
stack at sp + 2 slots: 0x000000010001ba50 is pointing into metadata
stack at sp + 3 slots: 0x000001f2d72fb6c0 points into unknown readable memory: 0x000001f200000040 | 40 00 00 00 f2 01 00 00
stack at sp + 4 slots: 0x00000018d38ff8b8 points into unknown readable memory: 0x00007ffaa5a50280 | 80 02 a5 a5 fa 7f 00 00
stack at sp + 5 slots: 0x000000010001ba58 is a pointer to class: 
stack at sp + 6 slots: 0x00007ffaa5502196 jvm.dll
stack at sp + 7 slots: 0x000000010001ba50 is pointing into metadata


---------------  P R O C E S S  ---------------

Threads class SMR info:
_java_thread_list=0x000001f2f44b7a90, length=85, elements={
0x000001f2d72ad800, 0x000001f2f0ea3000, 0x000001f2f0ea6000, 0x000001f2f1853800,
0x000001f2f0ec0800, 0x000001f2f0ec2800, 0x000001f2f0ec6800, 0x000001f2f0ed0800,
0x000001f2f0ed3800, 0x000001f2f199e800, 0x000001f2f2ff5000, 0x000001f2f1aa6800,
0x000001f2f4787800, 0x000001f2f45ee000, 0x000001f2f45ef000, 0x000001f2f45f0000,
0x000001f2f45eb000, 0x000001f2f45f1800, 0x000001f2f45eb800, 0x000001f2f45ec800,
0x000001f2f53d1800, 0x000001f2f53ce800, 0x000001f2f53d4000, 0x000001f2f53d5800,
0x000001f2f50c0000, 0x000001f2f50c1800, 0x000001f2f50b7800, 0x000001f2f50b8800,
0x000001f2f50bb000, 0x000001f2f50b9800, 0x000001f2f50ba000, 0x000001f2f50b6000,
0x000001f2f50b7000, 0x000001f2f50c2000, 0x000001f2f52aa000, 0x000001f2f50bc800,
0x000001f2f50bd800, 0x000001f2f50c4800, 0x000001f2f50c3000, 0x000001f2f50c4000,
0x000001f2f50bf000, 0x000001f2f50c0800, 0x000001f2f53d0000, 0x000001f2f53d2800,
0x000001f2f53d3000, 0x000001f2f53cf000, 0x000001f2f53db800, 0x000001f2f53dc000,
0x000001f2f53da800, 0x000001f2f53d6800, 0x000001f2f53d8000, 0x000001f2f53d9800,
0x000001f2f53d7800, 0x000001f2f53dd000, 0x000001f2f53d9000, 0x000001f2f45f0800,
0x000001f2f45ed800, 0x000001f2f3a74800, 0x000001f2f3a76000, 0x000001f2f3a79800,
0x000001f2f3a78800, 0x000001f2f3a77000, 0x000001f2f3a78000, 0x000001f2f3a73800,
0x000001f2f3a7a000, 0x000001f2f3a7b000, 0x000001f2f3a75800, 0x000001f2f3a7c000,
0x000001f2f3a81800, 0x000001f2f3a80000, 0x000001f2f3a82800, 0x000001f2f3a81000,
0x000001f2f3a7c800, 0x000001f2f3a7d800, 0x000001f2f3a7e800, 0x000001f2f3a7f000,
0x000001f2f7494800, 0x000001f2f7495800, 0x000001f2f7496800, 0x000001f2f7490800,
0x000001f2f7492000, 0x000001f2f7497000, 0x000001f2f7494000, 0x000001f2f7493000,
0x000001f2f7491800
}

Java Threads: ( => current thread )
  0x000001f2d72ad800 JavaThread "main" [_thread_blocked, id=1056, stack(0x00000018d3500000,0x00000018d3600000)]
  0x000001f2f0ea3000 JavaThread "Reference Handler" daemon [_thread_blocked, id=2008, stack(0x00000018d3c00000,0x00000018d3d00000)]
  0x000001f2f0ea6000 JavaThread "Finalizer" daemon [_thread_blocked, id=5832, stack(0x00000018d3d00000,0x00000018d3e00000)]
  0x000001f2f1853800 JavaThread "Signal Dispatcher" daemon [_thread_blocked, id=9928, stack(0x00000018d3e00000,0x00000018d3f00000)]
  0x000001f2f0ec0800 JavaThread "Attach Listener" daemon [_thread_blocked, id=8748, stack(0x00000018d3f00000,0x00000018d4000000)]
  0x000001f2f0ec2800 JavaThread "Service Thread" daemon [_thread_blocked, id=8500, stack(0x00000018d4000000,0x00000018d4100000)]
  0x000001f2f0ec6800 JavaThread "C2 CompilerThread0" daemon [_thread_in_native, id=7000, stack(0x00000018d4100000,0x00000018d4200000)]
  0x000001f2f0ed0800 JavaThread "C1 CompilerThread0" daemon [_thread_blocked, id=4452, stack(0x00000018d4200000,0x00000018d4300000)]
  0x000001f2f0ed3800 JavaThread "Sweeper thread" daemon [_thread_blocked, id=4784, stack(0x00000018d4300000,0x00000018d4400000)]
  0x000001f2f199e800 JavaThread "Common-Cleaner" daemon [_thread_blocked, id=10152, stack(0x00000018d4400000,0x00000018d4500000)]
  0x000001f2f2ff5000 JavaThread "Daemon health stats" [_thread_blocked, id=10076, stack(0x00000018d4900000,0x00000018d4a00000)]
  0x000001f2f1aa6800 JavaThread "Incoming local TCP Connector on port 56003" [_thread_in_native, id=6836, stack(0x00000018d4600000,0x00000018d4700000)]
  0x000001f2f4787800 JavaThread "Daemon periodic checks" [_thread_blocked, id=5496, stack(0x00000018d4a00000,0x00000018d4b00000)]
  0x000001f2f45ee000 JavaThread "Cache worker for journal cache (C:\Users\Charl\.gradle\caches\journal-1)" [_thread_blocked, id=9548, stack(0x00000018d5300000,0x00000018d5400000)]
  0x000001f2f45ef000 JavaThread "File lock request listener" [_thread_in_native, id=9120, stack(0x00000018d5400000,0x00000018d5500000)]
  0x000001f2f45f0000 JavaThread "Cache worker for file hash cache (C:\Users\Charl\.gradle\caches\7.3.3\fileHashes)" [_thread_blocked, id=5296, stack(0x00000018d5500000,0x00000018d5600000)]
  0x000001f2f45eb000 JavaThread "File watcher server" daemon [_thread_in_native, id=3992, stack(0x00000018d5800000,0x00000018d5900000)]
  0x000001f2f45f1800 JavaThread "File watcher consumer" daemon [_thread_blocked, id=4792, stack(0x00000018d5900000,0x00000018d5a00000)]
  0x000001f2f45eb800 JavaThread "jar transforms" [_thread_blocked, id=7824, stack(0x00000018d5a00000,0x00000018d5b00000)]
  0x000001f2f45ec800 JavaThread "jar transforms Thread 2" [_thread_blocked, id=9564, stack(0x00000018d5b00000,0x00000018d5c00000)]
  0x000001f2f53d1800 JavaThread "jar transforms Thread 3" [_thread_blocked, id=9332, stack(0x00000018d5c00000,0x00000018d5d00000)]
  0x000001f2f53ce800 JavaThread "jar transforms Thread 4" [_thread_blocked, id=2912, stack(0x00000018d5d00000,0x00000018d5e00000)]
  0x000001f2f53d4000 JavaThread "Cache worker for execution history cache (C:\Users\Charl\.gradle\caches\7.3.3\executionHistory)" [_thread_blocked, id=6588, stack(0x00000018d6100000,0x00000018d6200000)]
  0x000001f2f53d5800 JavaThread "Cache worker for file content cache (C:\Users\Charl\.gradle\caches\7.3.3\fileContent)" [_thread_blocked, id=912, stack(0x00000018d6200000,0x00000018d6300000)]
  0x000001f2f50c0000 JavaThread "Memory manager" [_thread_blocked, id=5820, stack(0x00000018d8d00000,0x00000018d8e00000)]
  0x000001f2f50c1800 JavaThread "pool-3-thread-1" [_thread_blocked, id=6852, stack(0x00000018d8e00000,0x00000018d8f00000)]
  0x000001f2f50b7800 JavaThread "Daemon Thread 2" [_thread_blocked, id=9652, stack(0x00000018d3200000,0x00000018d3300000)]
  0x000001f2f50b8800 JavaThread "Handler for socket connection from /127.0.0.1:56003 to /127.0.0.1:56123" [_thread_in_native, id=8336, stack(0x00000018d3300000,0x00000018d3400000)]
  0x000001f2f50bb000 JavaThread "Cancel handler" [_thread_blocked, id=5432, stack(0x00000018d3400000,0x00000018d3500000)]
  0x000001f2f50b9800 JavaThread "Daemon worker Thread 2" [_thread_in_vm, id=8292, stack(0x00000018d4b00000,0x00000018d4c00000)]
  0x000001f2f50ba000 JavaThread "Asynchronous log dispatcher for DefaultDaemonConnection: socket connection from /127.0.0.1:56003 to /127.0.0.1:56123" [_thread_blocked, id=5236, stack(0x00000018d4c00000,0x00000018d4d00000)]
  0x000001f2f50b6000 JavaThread "Stdin handler" [_thread_blocked, id=2284, stack(0x00000018d4d00000,0x00000018d4e00000)]
  0x000001f2f50b7000 JavaThread "Daemon client event forwarder" [_thread_in_native, id=9280, stack(0x00000018d4e00000,0x00000018d4f00000)]
  0x000001f2f50c2000 JavaThread "Cache worker for file hash cache (C:\Users\Charl\Desktop\BabyCare2\.gradle\7.3.3\fileHashes)" [_thread_blocked, id=6824, stack(0x00000018d4f00000,0x00000018d5000000)]
  0x000001f2f52aa000 JavaThread "C2 CompilerThread1" daemon [_thread_in_native, id=9784, stack(0x00000018d5000000,0x00000018d5100000)]
  0x000001f2f50bc800 JavaThread "Cache worker for checksums cache (C:\Users\Charl\Desktop\BabyCare2\.gradle\7.3.3\checksums)" [_thread_blocked, id=1320, stack(0x00000018d5100000,0x00000018d5200000)]
  0x000001f2f50bd800 JavaThread "Cache worker for cache directory md-supplier (C:\Users\Charl\.gradle\caches\7.3.3\md-supplier)" [_thread_blocked, id=9732, stack(0x00000018d5600000,0x00000018d5700000)]
  0x000001f2f50c4800 JavaThread "Cache worker for cache directory md-rule (C:\Users\Charl\.gradle\caches\7.3.3\md-rule)" [_thread_blocked, id=8364, stack(0x00000018d5700000,0x00000018d5800000)]
  0x000001f2f50c3000 JavaThread "Cache worker for dependencies-accessors (C:\Users\Charl\Desktop\BabyCare2\.gradle\7.3.3\dependencies-accessors)" [_thread_blocked, id=4012, stack(0x00000018d5e00000,0x00000018d5f00000)]
  0x000001f2f50c4000 JavaThread "Cache worker for Build Output Cleanup Cache (C:\Users\Charl\Desktop\BabyCare2\.gradle\buildOutputCleanup)" [_thread_blocked, id=4928, stack(0x00000018d5f00000,0x00000018d6000000)]
  0x000001f2f50bf000 JavaThread "Unconstrained build operations" [_thread_blocked, id=6584, stack(0x00000018d6000000,0x00000018d6100000)]
  0x000001f2f50c0800 JavaThread "Unconstrained build operations Thread 2" [_thread_blocked, id=6964, stack(0x00000018d6300000,0x00000018d6400000)]
  0x000001f2f53d0000 JavaThread "Unconstrained build operations Thread 3" [_thread_blocked, id=8488, stack(0x00000018d6400000,0x00000018d6500000)]
  0x000001f2f53d2800 JavaThread "Unconstrained build operations Thread 4" [_thread_blocked, id=264, stack(0x00000018d6500000,0x00000018d6600000)]
  0x000001f2f53d3000 JavaThread "Unconstrained build operations Thread 5" [_thread_blocked, id=9936, stack(0x00000018d6600000,0x00000018d6700000)]
  0x000001f2f53cf000 JavaThread "Unconstrained build operations Thread 6" [_thread_blocked, id=2796, stack(0x00000018d6700000,0x00000018d6800000)]
  0x000001f2f53db800 JavaThread "Unconstrained build operations Thread 7" [_thread_blocked, id=4632, stack(0x00000018d6800000,0x00000018d6900000)]
  0x000001f2f53dc000 JavaThread "Unconstrained build operations Thread 8" [_thread_blocked, id=5380, stack(0x00000018d6900000,0x00000018d6a00000)]
  0x000001f2f53da800 JavaThread "Unconstrained build operations Thread 9" [_thread_blocked, id=6488, stack(0x00000018d6a00000,0x00000018d6b00000)]
  0x000001f2f53d6800 JavaThread "Unconstrained build operations Thread 10" [_thread_blocked, id=5368, stack(0x00000018d6b00000,0x00000018d6c00000)]
  0x000001f2f53d8000 JavaThread "Unconstrained build operations Thread 11" [_thread_blocked, id=7068, stack(0x00000018d6c00000,0x00000018d6d00000)]
  0x000001f2f53d9800 JavaThread "Unconstrained build operations Thread 12" [_thread_blocked, id=10056, stack(0x00000018d6d00000,0x00000018d6e00000)]
  0x000001f2f53d7800 JavaThread "Unconstrained build operations Thread 13" [_thread_blocked, id=3740, stack(0x00000018d6e00000,0x00000018d6f00000)]
  0x000001f2f53dd000 JavaThread "Unconstrained build operations Thread 14" [_thread_blocked, id=9932, stack(0x00000018d6f00000,0x00000018d7000000)]
  0x000001f2f53d9000 JavaThread "Unconstrained build operations Thread 15" [_thread_blocked, id=6192, stack(0x00000018d7000000,0x00000018d7100000)]
  0x000001f2f45f0800 JavaThread "Unconstrained build operations Thread 16" [_thread_blocked, id=6680, stack(0x00000018d7100000,0x00000018d7200000)]
  0x000001f2f45ed800 JavaThread "Unconstrained build operations Thread 17" [_thread_blocked, id=3788, stack(0x00000018d7200000,0x00000018d7300000)]
  0x000001f2f3a74800 JavaThread "Unconstrained build operations Thread 18" [_thread_blocked, id=9952, stack(0x00000018d7300000,0x00000018d7400000)]
  0x000001f2f3a76000 JavaThread "Unconstrained build operations Thread 19" [_thread_blocked, id=2184, stack(0x00000018d7400000,0x00000018d7500000)]
  0x000001f2f3a79800 JavaThread "Unconstrained build operations Thread 20" [_thread_blocked, id=9696, stack(0x00000018d7500000,0x00000018d7600000)]
  0x000001f2f3a78800 JavaThread "Unconstrained build operations Thread 21" [_thread_blocked, id=9744, stack(0x00000018d7600000,0x00000018d7700000)]
  0x000001f2f3a77000 JavaThread "Unconstrained build operations Thread 22" [_thread_blocked, id=2004, stack(0x00000018d7700000,0x00000018d7800000)]
  0x000001f2f3a78000 JavaThread "Unconstrained build operations Thread 23" [_thread_blocked, id=5928, stack(0x00000018d7800000,0x00000018d7900000)]
  0x000001f2f3a73800 JavaThread "Unconstrained build operations Thread 24" [_thread_blocked, id=10016, stack(0x00000018d7900000,0x00000018d7a00000)]
  0x000001f2f3a7a000 JavaThread "Unconstrained build operations Thread 25" [_thread_blocked, id=6952, stack(0x00000018d7a00000,0x00000018d7b00000)]
  0x000001f2f3a7b000 JavaThread "Unconstrained build operations Thread 26" [_thread_blocked, id=7616, stack(0x00000018d7b00000,0x00000018d7c00000)]
  0x000001f2f3a75800 JavaThread "Unconstrained build operations Thread 27" [_thread_blocked, id=8184, stack(0x00000018d7c00000,0x00000018d7d00000)]
  0x000001f2f3a7c000 JavaThread "Unconstrained build operations Thread 28" [_thread_blocked, id=4040, stack(0x00000018d7d00000,0x00000018d7e00000)]
  0x000001f2f3a81800 JavaThread "Unconstrained build operations Thread 29" [_thread_blocked, id=6988, stack(0x00000018d7e00000,0x00000018d7f00000)]
  0x000001f2f3a80000 JavaThread "Unconstrained build operations Thread 30" [_thread_blocked, id=6956, stack(0x00000018d7f00000,0x00000018d8000000)]
  0x000001f2f3a82800 JavaThread "Unconstrained build operations Thread 31" [_thread_blocked, id=4672, stack(0x00000018d8000000,0x00000018d8100000)]
  0x000001f2f3a81000 JavaThread "Unconstrained build operations Thread 32" [_thread_blocked, id=8416, stack(0x00000018d8100000,0x00000018d8200000)]
  0x000001f2f3a7c800 JavaThread "Unconstrained build operations Thread 33" [_thread_blocked, id=10128, stack(0x00000018d8200000,0x00000018d8300000)]
  0x000001f2f3a7d800 JavaThread "Unconstrained build operations Thread 34" [_thread_blocked, id=8020, stack(0x00000018d8300000,0x00000018d8400000)]
  0x000001f2f3a7e800 JavaThread "Unconstrained build operations Thread 35" [_thread_blocked, id=1308, stack(0x00000018d8400000,0x00000018d8500000)]
  0x000001f2f3a7f000 JavaThread "Unconstrained build operations Thread 36" [_thread_blocked, id=6620, stack(0x00000018d8500000,0x00000018d8600000)]
  0x000001f2f7494800 JavaThread "Unconstrained build operations Thread 37" [_thread_blocked, id=3644, stack(0x00000018d8600000,0x00000018d8700000)]
  0x000001f2f7495800 JavaThread "Unconstrained build operations Thread 38" [_thread_blocked, id=7408, stack(0x00000018d8700000,0x00000018d8800000)]
  0x000001f2f7496800 JavaThread "Unconstrained build operations Thread 39" [_thread_blocked, id=1516, stack(0x00000018d8800000,0x00000018d8900000)]
  0x000001f2f7490800 JavaThread "Unconstrained build operations Thread 40" [_thread_blocked, id=2512, stack(0x00000018d8900000,0x00000018d8a00000)]
  0x000001f2f7492000 JavaThread "pool-6-thread-1" [_thread_blocked, id=8788, stack(0x00000018d8a00000,0x00000018d8b00000)]
  0x000001f2f7497000 JavaThread "Execution worker for ':'" [_thread_blocked, id=2396, stack(0x00000018d8b00000,0x00000018d8c00000)]
  0x000001f2f7494000 JavaThread "Execution worker for ':' Thread 2" [_thread_blocked, id=8272, stack(0x00000018d8c00000,0x00000018d8d00000)]
  0x000001f2f7493000 JavaThread "Execution worker for ':' Thread 3" [_thread_blocked, id=6820, stack(0x00000018d8f00000,0x00000018d9000000)]
  0x000001f2f7491800 JavaThread "Cache worker for execution history cache (C:\Users\Charl\Desktop\BabyCare2\.gradle\7.3.3\executionHistory)" [_thread_blocked, id=3192, stack(0x00000018d9000000,0x00000018d9100000)]

Other Threads:
  0x000001f2f0e9e000 VMThread "VM Thread" [stack: 0x00000018d3b00000,0x00000018d3c00000] [id=7972]
  0x000001f2f19d1800 WatcherThread [stack: 0x00000018d4500000,0x00000018d4600000] [id=9468]
  0x000001f2d72c6000 GCTaskThread "GC Thread#0" [stack: 0x00000018d3600000,0x00000018d3700000] [id=1120]
  0x000001f2f1e57000 GCTaskThread "GC Thread#1" [stack: 0x00000018d4700000,0x00000018d4800000] [id=2908]
  0x000001f2f1e2e000 GCTaskThread "GC Thread#2" [stack: 0x00000018d4800000,0x00000018d4900000] [id=800]
  0x000001f2f40c4000 GCTaskThread "GC Thread#3" [stack: 0x00000018d5200000,0x00000018d5300000] [id=2804]
  0x000001f2d72f7800 ConcurrentGCThread "G1 Main Marker" [stack: 0x00000018d3700000,0x00000018d3800000] [id=8436]
=>0x000001f2d72f9800 ConcurrentGCThread "G1 Conc#0" [stack: 0x00000018d3800000,0x00000018d3900000] [id=3360]
  0x000001f2d7386800 ConcurrentGCThread "G1 Refine#0" [stack: 0x00000018d3900000,0x00000018d3a00000] [id=8808]
  0x000001f2d7389800 ConcurrentGCThread "G1 Young RemSet Sampling" [stack: 0x00000018d3a00000,0x00000018d3b00000] [id=9796]

Threads with active compile tasks:
C2 CompilerThread01596859 14172 %     4       groovyjarjarantlr4.v4.runtime.atn.LexerATNSimulator::getReachableConfigSet @ 77 (198 bytes)
C2 CompilerThread11596859 14182       4       groovyjarjarantlr4.v4.runtime.CommonTokenStream::LT (75 bytes)

VM state:not at safepoint (normal execution)

VM Mutex/Monitor currently owned by a thread: None

Heap address: 0x0000000080000000, size: 2048 MB, Compressed Oops mode: 32-bit
Narrow klass base: 0x0000000000000000, Narrow klass shift: 3
Compressed class space size: 1073741824 Address: 0x0000000100000000

Heap:
 garbage-first heap   total 273408K, used 141076K [0x0000000080000000, 0x0000000100000000)
  region size 1024K, 15 young (15360K), 9 survivors (9216K)
 Metaspace       used 114444K, capacity 117642K, committed 117880K, reserved 1150976K
  class space    used 14391K, capacity 15541K, committed 15564K, reserved 1048576K
Heap Regions: E=young(eden), S=young(survivor), O=old, HS=humongous(starts), HC=humongous(continues), CS=collection set, F=free, A=archive, TAMS=top-at-mark-start (previous, next)
|   0|0x0000000080000000, 0x0000000080100000, 0x0000000080100000|100%| O|  |TAMS 0x0000000080100000, 0x0000000080100000| Untracked 
|   1|0x0000000080100000, 0x0000000080200000, 0x0000000080200000|100%| O|  |TAMS 0x0000000080200000, 0x0000000080200000| Untracked 
|   2|0x0000000080200000, 0x0000000080300000, 0x0000000080300000|100%| O|  |TAMS 0x0000000080300000, 0x0000000080300000| Untracked 
|   3|0x0000000080300000, 0x0000000080400000, 0x0000000080400000|100%|HS|  |TAMS 0x0000000080400000, 0x0000000080400000| Complete 
|   4|0x0000000080400000, 0x0000000080500000, 0x0000000080500000|100%|HC|  |TAMS 0x0000000080500000, 0x0000000080500000| Complete 
|   5|0x0000000080500000, 0x0000000080600000, 0x0000000080600000|100%|HC|  |TAMS 0x0000000080600000, 0x0000000080600000| Complete 
|   6|0x0000000080600000, 0x0000000080700000, 0x0000000080700000|100%| O|  |TAMS 0x0000000080700000, 0x0000000080700000| Untracked 
|   7|0x0000000080700000, 0x0000000080800000, 0x0000000080800000|100%| O|  |TAMS 0x0000000080800000, 0x0000000080800000| Untracked 
|   8|0x0000000080800000, 0x0000000080900000, 0x0000000080900000|100%| O|  |TAMS 0x0000000080900000, 0x0000000080900000| Untracked 
|   9|0x0000000080900000, 0x0000000080a00000, 0x0000000080a00000|100%| O|  |TAMS 0x0000000080a00000, 0x0000000080a00000| Untracked 
|  10|0x0000000080a00000, 0x0000000080b00000, 0x0000000080b00000|100%| O|  |TAMS 0x0000000080b00000, 0x0000000080b00000| Untracked 
|  11|0x0000000080b00000, 0x0000000080c00000, 0x0000000080c00000|100%| O|  |TAMS 0x0000000080c00000, 0x0000000080c00000| Untracked 
|  12|0x0000000080c00000, 0x0000000080d00000, 0x0000000080d00000|100%| O|  |TAMS 0x0000000080d00000, 0x0000000080d00000| Untracked 
|  13|0x0000000080d00000, 0x0000000080e00000, 0x0000000080e00000|100%| O|  |TAMS 0x0000000080e00000, 0x0000000080e00000| Untracked 
|  14|0x0000000080e00000, 0x0000000080f00000, 0x0000000080f00000|100%| O|  |TAMS 0x0000000080f00000, 0x0000000080f00000| Untracked 
|  15|0x0000000080f00000, 0x0000000081000000, 0x0000000081000000|100%| O|  |TAMS 0x0000000081000000, 0x0000000081000000| Untracked 
|  16|0x0000000081000000, 0x0000000081100000, 0x0000000081100000|100%|HS|  |TAMS 0x0000000081100000, 0x0000000081100000| Complete 
|  17|0x0000000081100000, 0x0000000081200000, 0x0000000081200000|100%|HC|  |TAMS 0x0000000081200000, 0x0000000081200000| Complete 
|  18|0x0000000081200000, 0x0000000081300000, 0x0000000081300000|100%|HS|  |TAMS 0x0000000081300000, 0x0000000081300000| Complete 
|  19|0x0000000081300000, 0x0000000081400000, 0x0000000081400000|100%|HC|  |TAMS 0x0000000081400000, 0x0000000081400000| Complete 
|  20|0x0000000081400000, 0x0000000081500000, 0x0000000081500000|100%|HC|  |TAMS 0x0000000081500000, 0x0000000081500000| Complete 
|  21|0x0000000081500000, 0x0000000081600000, 0x0000000081600000|100%|HS|  |TAMS 0x0000000081600000, 0x0000000081600000| Complete 
|  22|0x0000000081600000, 0x0000000081700000, 0x0000000081700000|100%|HS|  |TAMS 0x0000000081700000, 0x0000000081700000| Complete 
|  23|0x0000000081700000, 0x0000000081800000, 0x0000000081800000|100%|HC|  |TAMS 0x0000000081800000, 0x0000000081800000| Complete 
|  24|0x0000000081800000, 0x0000000081900000, 0x0000000081900000|100%|HC|  |TAMS 0x0000000081900000, 0x0000000081900000| Complete 
|  25|0x0000000081900000, 0x0000000081a00000, 0x0000000081a00000|100%|HC|  |TAMS 0x0000000081a00000, 0x0000000081a00000| Complete 
|  26|0x0000000081a00000, 0x0000000081b00000, 0x0000000081b00000|100%| O|  |TAMS 0x0000000081b00000, 0x0000000081b00000| Untracked 
|  27|0x0000000081b00000, 0x0000000081c00000, 0x0000000081c00000|100%| O|  |TAMS 0x0000000081c00000, 0x0000000081c00000| Untracked 
|  28|0x0000000081c00000, 0x0000000081d00000, 0x0000000081d00000|100%| O|  |TAMS 0x0000000081d00000, 0x0000000081d00000| Untracked 
|  29|0x0000000081d00000, 0x0000000081e00000, 0x0000000081e00000|100%| O|  |TAMS 0x0000000081e00000, 0x0000000081e00000| Untracked 
|  30|0x0000000081e00000, 0x0000000081f00000, 0x0000000081f00000|100%| O|  |TAMS 0x0000000081f00000, 0x0000000081f00000| Untracked 
|  31|0x0000000081f00000, 0x0000000082000000, 0x0000000082000000|100%| O|  |TAMS 0x0000000082000000, 0x0000000082000000| Untracked 
|  32|0x0000000082000000, 0x0000000082100000, 0x0000000082100000|100%| O|  |TAMS 0x0000000082100000, 0x0000000082100000| Untracked 
|  33|0x0000000082100000, 0x0000000082200000, 0x0000000082200000|100%| O|  |TAMS 0x0000000082200000, 0x0000000082200000| Untracked 
|  34|0x0000000082200000, 0x0000000082300000, 0x0000000082300000|100%| O|  |TAMS 0x0000000082300000, 0x0000000082300000| Untracked 
|  35|0x0000000082300000, 0x0000000082400000, 0x0000000082400000|100%| O|  |TAMS 0x0000000082400000, 0x0000000082400000| Untracked 
|  36|0x0000000082400000, 0x0000000082500000, 0x0000000082500000|100%| O|  |TAMS 0x0000000082500000, 0x0000000082500000| Untracked 
|  37|0x0000000082500000, 0x0000000082600000, 0x0000000082600000|100%| O|  |TAMS 0x0000000082600000, 0x0000000082600000| Untracked 
|  38|0x0000000082600000, 0x0000000082700000, 0x0000000082700000|100%| O|  |TAMS 0x0000000082700000, 0x0000000082700000| Untracked 
|  39|0x0000000082700000, 0x0000000082800000, 0x0000000082800000|100%| O|  |TAMS 0x0000000082800000, 0x0000000082800000| Untracked 
|  40|0x0000000082800000, 0x0000000082900000, 0x0000000082900000|100%|HS|  |TAMS 0x0000000082900000, 0x0000000082900000| Complete 
|  41|0x0000000082900000, 0x0000000082a00000, 0x0000000082a00000|100%|HS|  |TAMS 0x0000000082a00000, 0x0000000082a00000| Complete 
|  42|0x0000000082a00000, 0x0000000082b00000, 0x0000000082b00000|100%|HC|  |TAMS 0x0000000082b00000, 0x0000000082b00000| Complete 
|  43|0x0000000082b00000, 0x0000000082c00000, 0x0000000082c00000|100%|HC|  |TAMS 0x0000000082c00000, 0x0000000082c00000| Complete 
|  44|0x0000000082c00000, 0x0000000082d00000, 0x0000000082d00000|100%|HS|  |TAMS 0x0000000082d00000, 0x0000000082d00000| Complete 
|  45|0x0000000082d00000, 0x0000000082e00000, 0x0000000082e00000|100%|HC|  |TAMS 0x0000000082e00000, 0x0000000082e00000| Complete 
|  46|0x0000000082e00000, 0x0000000082f00000, 0x0000000082f00000|100%|HC|  |TAMS 0x0000000082f00000, 0x0000000082f00000| Complete 
|  47|0x0000000082f00000, 0x0000000083000000, 0x0000000083000000|100%|HC|  |TAMS 0x0000000083000000, 0x0000000083000000| Complete 
|  48|0x0000000083000000, 0x0000000083100000, 0x0000000083100000|100%|HS|  |TAMS 0x0000000083100000, 0x0000000083100000| Complete 
|  49|0x0000000083100000, 0x0000000083200000, 0x0000000083200000|100%|HS|  |TAMS 0x0000000083200000, 0x0000000083200000| Complete 
|  50|0x0000000083200000, 0x0000000083300000, 0x0000000083300000|100%| O|  |TAMS 0x0000000083300000, 0x0000000083300000| Untracked 
|  51|0x0000000083300000, 0x0000000083400000, 0x0000000083400000|100%| O|  |TAMS 0x0000000083400000, 0x0000000083400000| Untracked 
|  52|0x0000000083400000, 0x0000000083500000, 0x0000000083500000|100%| O|  |TAMS 0x0000000083500000, 0x0000000083500000| Untracked 
|  53|0x0000000083500000, 0x0000000083600000, 0x0000000083600000|100%| O|  |TAMS 0x0000000083600000, 0x0000000083600000| Untracked 
|  54|0x0000000083600000, 0x0000000083700000, 0x0000000083700000|100%| O|  |TAMS 0x0000000083700000, 0x0000000083700000| Untracked 
|  55|0x0000000083700000, 0x0000000083800000, 0x0000000083800000|100%|HS|  |TAMS 0x0000000083800000, 0x0000000083800000| Complete 
|  56|0x0000000083800000, 0x0000000083900000, 0x0000000083900000|100%|HC|  |TAMS 0x0000000083900000, 0x0000000083900000| Complete 
|  57|0x0000000083900000, 0x0000000083a00000, 0x0000000083a00000|100%| O|  |TAMS 0x0000000083a00000, 0x0000000083a00000| Untracked 
|  58|0x0000000083a00000, 0x0000000083b00000, 0x0000000083b00000|100%| O|  |TAMS 0x0000000083b00000, 0x0000000083b00000| Untracked 
|  59|0x0000000083b00000, 0x0000000083c00000, 0x0000000083c00000|100%| O|  |TAMS 0x0000000083c00000, 0x0000000083c00000| Untracked 
|  60|0x0000000083c00000, 0x0000000083d00000, 0x0000000083d00000|100%| O|  |TAMS 0x0000000083d00000, 0x0000000083d00000| Untracked 
|  61|0x0000000083d00000, 0x0000000083e00000, 0x0000000083e00000|100%| O|  |TAMS 0x0000000083e00000, 0x0000000083e00000| Untracked 
|  62|0x0000000083e00000, 0x0000000083f00000, 0x0000000083f00000|100%| O|  |TAMS 0x0000000083f00000, 0x0000000083f00000| Untracked 
|  63|0x0000000083f00000, 0x0000000084000000, 0x0000000084000000|100%| O|  |TAMS 0x0000000084000000, 0x0000000084000000| Untracked 
|  64|0x0000000084000000, 0x0000000084100000, 0x0000000084100000|100%| O|  |TAMS 0x0000000084100000, 0x0000000084100000| Untracked 
|  65|0x0000000084100000, 0x0000000084200000, 0x0000000084200000|100%| O|  |TAMS 0x0000000084200000, 0x0000000084200000| Untracked 
|  66|0x0000000084200000, 0x0000000084300000, 0x0000000084300000|100%| O|  |TAMS 0x0000000084300000, 0x0000000084300000| Untracked 
|  67|0x0000000084300000, 0x0000000084400000, 0x0000000084400000|100%| O|  |TAMS 0x0000000084400000, 0x0000000084400000| Untracked 
|  68|0x0000000084400000, 0x0000000084500000, 0x0000000084500000|100%| O|  |TAMS 0x0000000084500000, 0x0000000084500000| Untracked 
|  69|0x0000000084500000, 0x0000000084600000, 0x0000000084600000|100%| O|  |TAMS 0x0000000084600000, 0x0000000084600000| Untracked 
|  70|0x0000000084600000, 0x0000000084700000, 0x0000000084700000|100%| O|  |TAMS 0x0000000084700000, 0x0000000084700000| Untracked 
|  71|0x0000000084700000, 0x0000000084800000, 0x0000000084800000|100%| O|  |TAMS 0x0000000084800000, 0x0000000084800000| Untracked 
|  72|0x0000000084800000, 0x0000000084900000, 0x0000000084900000|100%| O|  |TAMS 0x0000000084900000, 0x0000000084900000| Untracked 
|  73|0x0000000084900000, 0x0000000084a00000, 0x0000000084a00000|100%| O|  |TAMS 0x0000000084a00000, 0x0000000084a00000| Untracked 
|  74|0x0000000084a00000, 0x0000000084b00000, 0x0000000084b00000|100%| O|  |TAMS 0x0000000084b00000, 0x0000000084b00000| Untracked 
|  75|0x0000000084b00000, 0x0000000084c00000, 0x0000000084c00000|100%| O|  |TAMS 0x0000000084c00000, 0x0000000084c00000| Untracked 
|  76|0x0000000084c00000, 0x0000000084d00000, 0x0000000084d00000|100%| O|  |TAMS 0x0000000084d00000, 0x0000000084d00000| Untracked 
|  77|0x0000000084d00000, 0x0000000084e00000, 0x0000000084e00000|100%| O|  |TAMS 0x0000000084e00000, 0x0000000084e00000| Untracked 
|  78|0x0000000084e00000, 0x0000000084f00000, 0x0000000084f00000|100%| O|  |TAMS 0x0000000084f00000, 0x0000000084f00000| Untracked 
|  79|0x0000000084f00000, 0x0000000085000000, 0x0000000085000000|100%| O|  |TAMS 0x0000000085000000, 0x0000000085000000| Untracked 
|  80|0x0000000085000000, 0x0000000085100000, 0x0000000085100000|100%|HS|  |TAMS 0x0000000085100000, 0x0000000085100000| Complete 
|  81|0x0000000085100000, 0x0000000085200000, 0x0000000085200000|100%|HC|  |TAMS 0x0000000085200000, 0x0000000085200000| Complete 
|  82|0x0000000085200000, 0x0000000085300000, 0x0000000085300000|100%| O|  |TAMS 0x0000000085300000, 0x0000000085300000| Untracked 
|  83|0x0000000085300000, 0x0000000085400000, 0x0000000085400000|100%|HS|  |TAMS 0x0000000085400000, 0x0000000085400000| Complete 
|  84|0x0000000085400000, 0x0000000085500000, 0x0000000085500000|100%|HC|  |TAMS 0x0000000085500000, 0x0000000085500000| Complete 
|  85|0x0000000085500000, 0x0000000085600000, 0x0000000085600000|100%|HC|  |TAMS 0x0000000085600000, 0x0000000085600000| Complete 
|  86|0x0000000085600000, 0x0000000085700000, 0x0000000085700000|100%|HS|  |TAMS 0x0000000085700000, 0x0000000085700000| Complete 
|  87|0x0000000085700000, 0x0000000085800000, 0x0000000085800000|100%|HS|  |TAMS 0x0000000085800000, 0x0000000085800000| Complete 
|  88|0x0000000085800000, 0x0000000085900000, 0x0000000085900000|100%|HC|  |TAMS 0x0000000085900000, 0x0000000085900000| Complete 
|  89|0x0000000085900000, 0x0000000085a00000, 0x0000000085a00000|100%|HC|  |TAMS 0x0000000085a00000, 0x0000000085a00000| Complete 
|  90|0x0000000085a00000, 0x0000000085b00000, 0x0000000085b00000|100%|HC|  |TAMS 0x0000000085b00000, 0x0000000085b00000| Complete 
|  91|0x0000000085b00000, 0x0000000085c00000, 0x0000000085c00000|100%| O|  |TAMS 0x0000000085c00000, 0x0000000085c00000| Untracked 
|  92|0x0000000085c00000, 0x0000000085d00000, 0x0000000085d00000|100%| O|  |TAMS 0x0000000085d00000, 0x0000000085d00000| Untracked 
|  93|0x0000000085d00000, 0x0000000085e00000, 0x0000000085e00000|100%| O|  |TAMS 0x0000000085e00000, 0x0000000085e00000| Untracked 
|  94|0x0000000085e00000, 0x0000000085f00000, 0x0000000085f00000|100%| O|  |TAMS 0x0000000085f00000, 0x0000000085f00000| Untracked 
|  95|0x0000000085f00000, 0x0000000086000000, 0x0000000086000000|100%| O|  |TAMS 0x0000000086000000, 0x0000000086000000| Untracked 
|  96|0x0000000086000000, 0x0000000086100000, 0x0000000086100000|100%| O|  |TAMS 0x0000000086100000, 0x0000000086100000| Untracked 
|  97|0x0000000086100000, 0x0000000086200000, 0x0000000086200000|100%| O|  |TAMS 0x0000000086200000, 0x0000000086200000| Untracked 
|  98|0x0000000086200000, 0x0000000086300000, 0x0000000086300000|100%| O|  |TAMS 0x0000000086300000, 0x0000000086300000| Untracked 
|  99|0x0000000086300000, 0x0000000086400000, 0x0000000086400000|100%| O|  |TAMS 0x0000000086400000, 0x0000000086400000| Untracked 
| 100|0x0000000086400000, 0x0000000086500000, 0x0000000086500000|100%| O|  |TAMS 0x0000000086500000, 0x0000000086500000| Untracked 
| 101|0x0000000086500000, 0x0000000086600000, 0x0000000086600000|100%| O|  |TAMS 0x0000000086600000, 0x0000000086600000| Untracked 
| 102|0x0000000086600000, 0x0000000086700000, 0x0000000086700000|100%| O|  |TAMS 0x0000000086700000, 0x0000000086700000| Untracked 
| 103|0x0000000086700000, 0x0000000086800000, 0x0000000086800000|100%| O|  |TAMS 0x0000000086800000, 0x0000000086800000| Untracked 
| 104|0x0000000086800000, 0x0000000086900000, 0x0000000086900000|100%| O|  |TAMS 0x0000000086900000, 0x0000000086900000| Untracked 
| 105|0x0000000086900000, 0x0000000086a00000, 0x0000000086a00000|100%| O|  |TAMS 0x0000000086a00000, 0x0000000086a00000| Untracked 
| 106|0x0000000086a00000, 0x0000000086b00000, 0x0000000086b00000|100%| O|  |TAMS 0x0000000086b00000, 0x0000000086b00000| Untracked 
| 107|0x0000000086b00000, 0x0000000086c00000, 0x0000000086c00000|100%| O|  |TAMS 0x0000000086c00000, 0x0000000086c00000| Untracked 
| 108|0x0000000086c00000, 0x0000000086d00000, 0x0000000086d00000|100%| O|  |TAMS 0x0000000086d00000, 0x0000000086d00000| Untracked 
| 109|0x0000000086d00000, 0x0000000086e00000, 0x0000000086e00000|100%| O|  |TAMS 0x0000000086e00000, 0x0000000086e00000| Untracked 
| 110|0x0000000086e00000, 0x0000000086f00000, 0x0000000086f00000|100%| O|  |TAMS 0x0000000086f00000, 0x0000000086f00000| Untracked 
| 111|0x0000000086f00000, 0x0000000087000000, 0x0000000087000000|100%| O|  |TAMS 0x0000000087000000, 0x0000000087000000| Untracked 
| 112|0x0000000087000000, 0x0000000087100000, 0x0000000087100000|100%| O|  |TAMS 0x0000000087100000, 0x0000000087100000| Untracked 
| 113|0x0000000087100000, 0x0000000087200000, 0x0000000087200000|100%| O|  |TAMS 0x0000000087200000, 0x0000000087200000| Untracked 
| 114|0x0000000087200000, 0x0000000087300000, 0x0000000087300000|100%| O|  |TAMS 0x0000000087300000, 0x0000000087300000| Untracked 
| 115|0x0000000087300000, 0x0000000087400000, 0x0000000087400000|100%| O|  |TAMS 0x0000000087400000, 0x0000000087400000| Untracked 
| 116|0x0000000087400000, 0x0000000087500000, 0x0000000087500000|100%| O|  |TAMS 0x0000000087500000, 0x0000000087500000| Untracked 
| 117|0x0000000087500000, 0x0000000087600000, 0x0000000087600000|100%| O|  |TAMS 0x0000000087600000, 0x0000000087600000| Untracked 
| 118|0x0000000087600000, 0x0000000087700000, 0x0000000087700000|100%| O|  |TAMS 0x0000000087700000, 0x0000000087700000| Untracked 
| 119|0x0000000087700000, 0x0000000087800000, 0x0000000087800000|100%| O|  |TAMS 0x0000000087800000, 0x0000000087800000| Untracked 
| 120|0x0000000087800000, 0x0000000087900000, 0x0000000087900000|100%| O|  |TAMS 0x0000000087900000, 0x0000000087900000| Untracked 
| 121|0x0000000087900000, 0x0000000087a00000, 0x0000000087a00000|100%| O|  |TAMS 0x0000000087a00000, 0x0000000087a00000| Untracked 
| 122|0x0000000087a00000, 0x0000000087b00000, 0x0000000087b00000|100%| O|  |TAMS 0x0000000087b00000, 0x0000000087b00000| Untracked 
| 123|0x0000000087b00000, 0x0000000087c00000, 0x0000000087c00000|100%| O|  |TAMS 0x0000000087c00000, 0x0000000087c00000| Untracked 
| 124|0x0000000087c00000, 0x0000000087c39600, 0x0000000087d00000| 22%| O|  |TAMS 0x0000000087c39600, 0x0000000087c39600| Untracked 
| 125|0x0000000087d00000, 0x0000000087d00000, 0x0000000087e00000|  0%| F|  |TAMS 0x0000000087d00000, 0x0000000087d00000| Untracked 
| 126|0x0000000087e00000, 0x0000000087e00000, 0x0000000087f00000|  0%| F|  |TAMS 0x0000000087e00000, 0x0000000087e00000| Untracked 
| 127|0x0000000087f00000, 0x0000000087f00000, 0x0000000088000000|  0%| F|  |TAMS 0x0000000087f00000, 0x0000000087f00000| Untracked 
| 128|0x0000000088000000, 0x0000000088000000, 0x0000000088100000|  0%| F|  |TAMS 0x0000000088000000, 0x0000000088000000| Untracked 
| 129|0x0000000088100000, 0x0000000088100000, 0x0000000088200000|  0%| F|  |TAMS 0x0000000088100000, 0x0000000088100000| Untracked 
| 130|0x0000000088200000, 0x0000000088200000, 0x0000000088300000|  0%| F|  |TAMS 0x0000000088200000, 0x0000000088200000| Untracked 
| 131|0x0000000088300000, 0x0000000088300000, 0x0000000088400000|  0%| F|  |TAMS 0x0000000088300000, 0x0000000088300000| Untracked 
| 132|0x0000000088400000, 0x0000000088400000, 0x0000000088500000|  0%| F|  |TAMS 0x0000000088400000, 0x0000000088400000| Untracked 
| 133|0x0000000088500000, 0x0000000088500000, 0x0000000088600000|  0%| F|  |TAMS 0x0000000088500000, 0x0000000088500000| Untracked 
| 134|0x0000000088600000, 0x0000000088600000, 0x0000000088700000|  0%| F|  |TAMS 0x0000000088600000, 0x0000000088600000| Untracked 
| 135|0x0000000088700000, 0x0000000088700000, 0x0000000088800000|  0%| F|  |TAMS 0x0000000088700000, 0x0000000088700000| Untracked 
| 136|0x0000000088800000, 0x0000000088800000, 0x0000000088900000|  0%| F|  |TAMS 0x0000000088800000, 0x0000000088800000| Untracked 
| 137|0x0000000088900000, 0x0000000088900000, 0x0000000088a00000|  0%| F|  |TAMS 0x0000000088900000, 0x0000000088900000| Untracked 
| 138|0x0000000088a00000, 0x0000000088a00000, 0x0000000088b00000|  0%| F|  |TAMS 0x0000000088a00000, 0x0000000088a00000| Untracked 
| 139|0x0000000088b00000, 0x0000000088b00000, 0x0000000088c00000|  0%| F|  |TAMS 0x0000000088b00000, 0x0000000088b00000| Untracked 
| 140|0x0000000088c00000, 0x0000000088c00000, 0x0000000088d00000|  0%| F|  |TAMS 0x0000000088c00000, 0x0000000088c00000| Untracked 
| 141|0x0000000088d00000, 0x0000000088d00000, 0x0000000088e00000|  0%| F|  |TAMS 0x0000000088d00000, 0x0000000088d00000| Untracked 
| 142|0x0000000088e00000, 0x0000000088e00000, 0x0000000088f00000|  0%| F|  |TAMS 0x0000000088e00000, 0x0000000088e00000| Untracked 
| 143|0x0000000088f00000, 0x0000000088f00000, 0x0000000089000000|  0%| F|  |TAMS 0x0000000088f00000, 0x0000000088f00000| Untracked 
| 144|0x0000000089000000, 0x0000000089000000, 0x0000000089100000|  0%| F|  |TAMS 0x0000000089000000, 0x0000000089000000| Untracked 
| 145|0x0000000089100000, 0x0000000089100000, 0x0000000089200000|  0%| F|  |TAMS 0x0000000089100000, 0x0000000089100000| Untracked 
| 146|0x0000000089200000, 0x0000000089200000, 0x0000000089300000|  0%| F|  |TAMS 0x0000000089200000, 0x0000000089200000| Untracked 
| 147|0x0000000089300000, 0x0000000089300000, 0x0000000089400000|  0%| F|  |TAMS 0x0000000089300000, 0x0000000089300000| Untracked 
| 148|0x0000000089400000, 0x0000000089400000, 0x0000000089500000|  0%| F|  |TAMS 0x0000000089400000, 0x0000000089400000| Untracked 
| 149|0x0000000089500000, 0x0000000089500000, 0x0000000089600000|  0%| F|  |TAMS 0x0000000089500000, 0x0000000089500000| Untracked 
| 150|0x0000000089600000, 0x0000000089600000, 0x0000000089700000|  0%| F|  |TAMS 0x0000000089600000, 0x0000000089600000| Untracked 
| 151|0x0000000089700000, 0x0000000089700000, 0x0000000089800000|  0%| F|  |TAMS 0x0000000089700000, 0x0000000089700000| Untracked 
| 152|0x0000000089800000, 0x0000000089800000, 0x0000000089900000|  0%| F|  |TAMS 0x0000000089800000, 0x0000000089800000| Untracked 
| 153|0x0000000089900000, 0x0000000089900000, 0x0000000089a00000|  0%| F|  |TAMS 0x0000000089900000, 0x0000000089900000| Untracked 
| 154|0x0000000089a00000, 0x0000000089a00000, 0x0000000089b00000|  0%| F|  |TAMS 0x0000000089a00000, 0x0000000089a00000| Untracked 
| 155|0x0000000089b00000, 0x0000000089b00000, 0x0000000089c00000|  0%| F|  |TAMS 0x0000000089b00000, 0x0000000089b00000| Untracked 
| 156|0x0000000089c00000, 0x0000000089c00000, 0x0000000089d00000|  0%| F|  |TAMS 0x0000000089c00000, 0x0000000089c00000| Untracked 
| 157|0x0000000089d00000, 0x0000000089d00000, 0x0000000089e00000|  0%| F|  |TAMS 0x0000000089d00000, 0x0000000089d00000| Untracked 
| 158|0x0000000089e00000, 0x0000000089e00000, 0x0000000089f00000|  0%| F|  |TAMS 0x0000000089e00000, 0x0000000089e00000| Untracked 
| 159|0x0000000089f00000, 0x0000000089f00000, 0x000000008a000000|  0%| F|  |TAMS 0x0000000089f00000, 0x0000000089f00000| Untracked 
| 160|0x000000008a000000, 0x000000008a000000, 0x000000008a100000|  0%| F|  |TAMS 0x000000008a000000, 0x000000008a000000| Untracked 
| 161|0x000000008a100000, 0x000000008a100000, 0x000000008a200000|  0%| F|  |TAMS 0x000000008a100000, 0x000000008a100000| Untracked 
| 162|0x000000008a200000, 0x000000008a200000, 0x000000008a300000|  0%| F|  |TAMS 0x000000008a200000, 0x000000008a200000| Untracked 
| 163|0x000000008a300000, 0x000000008a300000, 0x000000008a400000|  0%| F|  |TAMS 0x000000008a300000, 0x000000008a300000| Untracked 
| 164|0x000000008a400000, 0x000000008a400000, 0x000000008a500000|  0%| F|  |TAMS 0x000000008a400000, 0x000000008a400000| Untracked 
| 165|0x000000008a500000, 0x000000008a500000, 0x000000008a600000|  0%| F|  |TAMS 0x000000008a500000, 0x000000008a500000| Untracked 
| 166|0x000000008a600000, 0x000000008a600000, 0x000000008a700000|  0%| F|  |TAMS 0x000000008a600000, 0x000000008a600000| Untracked 
| 167|0x000000008a700000, 0x000000008a700000, 0x000000008a800000|  0%| F|  |TAMS 0x000000008a700000, 0x000000008a700000| Untracked 
| 168|0x000000008a800000, 0x000000008a88bbf0, 0x000000008a900000| 54%| S|CS|TAMS 0x000000008a800000, 0x000000008a800000| Complete 
| 169|0x000000008a900000, 0x000000008aa00000, 0x000000008aa00000|100%| S|CS|TAMS 0x000000008a900000, 0x000000008a900000| Complete 
| 170|0x000000008aa00000, 0x000000008ab00000, 0x000000008ab00000|100%| S|CS|TAMS 0x000000008aa00000, 0x000000008aa00000| Complete 
| 171|0x000000008ab00000, 0x000000008ac00000, 0x000000008ac00000|100%| S|CS|TAMS 0x000000008ab00000, 0x000000008ab00000| Complete 
| 172|0x000000008ac00000, 0x000000008ad00000, 0x000000008ad00000|100%| S|CS|TAMS 0x000000008ac00000, 0x000000008ac00000| Complete 
| 173|0x000000008ad00000, 0x000000008ae00000, 0x000000008ae00000|100%| S|CS|TAMS 0x000000008ad00000, 0x000000008ad00000| Complete 
| 174|0x000000008ae00000, 0x000000008af00000, 0x000000008af00000|100%| S|CS|TAMS 0x000000008ae00000, 0x000000008ae00000| Complete 
| 175|0x000000008af00000, 0x000000008b000000, 0x000000008b000000|100%| S|CS|TAMS 0x000000008af00000, 0x000000008af00000| Complete 
| 176|0x000000008b000000, 0x000000008b100000, 0x000000008b100000|100%| S|CS|TAMS 0x000000008b000000, 0x000000008b000000| Complete 
| 177|0x000000008b100000, 0x000000008b100000, 0x000000008b200000|  0%| F|  |TAMS 0x000000008b100000, 0x000000008b100000| Untracked 
| 178|0x000000008b200000, 0x000000008b200000, 0x000000008b300000|  0%| F|  |TAMS 0x000000008b200000, 0x000000008b200000| Untracked 
| 179|0x000000008b300000, 0x000000008b300000, 0x000000008b400000|  0%| F|  |TAMS 0x000000008b300000, 0x000000008b300000| Untracked 
| 180|0x000000008b400000, 0x000000008b400000, 0x000000008b500000|  0%| F|  |TAMS 0x000000008b400000, 0x000000008b400000| Untracked 
| 181|0x000000008b500000, 0x000000008b500000, 0x000000008b600000|  0%| F|  |TAMS 0x000000008b500000, 0x000000008b500000| Untracked 
| 182|0x000000008b600000, 0x000000008b600000, 0x000000008b700000|  0%| F|  |TAMS 0x000000008b600000, 0x000000008b600000| Untracked 
| 183|0x000000008b700000, 0x000000008b700000, 0x000000008b800000|  0%| F|  |TAMS 0x000000008b700000, 0x000000008b700000| Untracked 
| 184|0x000000008b800000, 0x000000008b800000, 0x000000008b900000|  0%| F|  |TAMS 0x000000008b800000, 0x000000008b800000| Untracked 
| 185|0x000000008b900000, 0x000000008b900000, 0x000000008ba00000|  0%| F|  |TAMS 0x000000008b900000, 0x000000008b900000| Untracked 
| 186|0x000000008ba00000, 0x000000008ba00000, 0x000000008bb00000|  0%| F|  |TAMS 0x000000008ba00000, 0x000000008ba00000| Untracked 
| 187|0x000000008bb00000, 0x000000008bb00000, 0x000000008bc00000|  0%| F|  |TAMS 0x000000008bb00000, 0x000000008bb00000| Untracked 
| 188|0x000000008bc00000, 0x000000008bc00000, 0x000000008bd00000|  0%| F|  |TAMS 0x000000008bc00000, 0x000000008bc00000| Untracked 
| 189|0x000000008bd00000, 0x000000008bd00000, 0x000000008be00000|  0%| F|  |TAMS 0x000000008bd00000, 0x000000008bd00000| Untracked 
| 190|0x000000008be00000, 0x000000008be00000, 0x000000008bf00000|  0%| F|  |TAMS 0x000000008be00000, 0x000000008be00000| Untracked 
| 191|0x000000008bf00000, 0x000000008bf00000, 0x000000008c000000|  0%| F|  |TAMS 0x000000008bf00000, 0x000000008bf00000| Untracked 
| 192|0x000000008c000000, 0x000000008c000000, 0x000000008c100000|  0%| F|  |TAMS 0x000000008c000000, 0x000000008c000000| Untracked 
| 193|0x000000008c100000, 0x000000008c100000, 0x000000008c200000|  0%| F|  |TAMS 0x000000008c100000, 0x000000008c100000| Untracked 
| 194|0x000000008c200000, 0x000000008c200000, 0x000000008c300000|  0%| F|  |TAMS 0x000000008c200000, 0x000000008c200000| Untracked 
| 195|0x000000008c300000, 0x000000008c300000, 0x000000008c400000|  0%| F|  |TAMS 0x000000008c300000, 0x000000008c300000| Untracked 
| 196|0x000000008c400000, 0x000000008c400000, 0x000000008c500000|  0%| F|  |TAMS 0x000000008c400000, 0x000000008c400000| Untracked 
| 197|0x000000008c500000, 0x000000008c500000, 0x000000008c600000|  0%| F|  |TAMS 0x000000008c500000, 0x000000008c500000| Untracked 
| 198|0x000000008c600000, 0x000000008c600000, 0x000000008c700000|  0%| F|  |TAMS 0x000000008c600000, 0x000000008c600000| Untracked 
| 199|0x000000008c700000, 0x000000008c700000, 0x000000008c800000|  0%| F|  |TAMS 0x000000008c700000, 0x000000008c700000| Untracked 
| 200|0x000000008c800000, 0x000000008c800000, 0x000000008c900000|  0%| F|  |TAMS 0x000000008c800000, 0x000000008c800000| Untracked 
| 201|0x000000008c900000, 0x000000008c900000, 0x000000008ca00000|  0%| F|  |TAMS 0x000000008c900000, 0x000000008c900000| Untracked 
| 202|0x000000008ca00000, 0x000000008ca00000, 0x000000008cb00000|  0%| F|  |TAMS 0x000000008ca00000, 0x000000008ca00000| Untracked 
| 203|0x000000008cb00000, 0x000000008cb00000, 0x000000008cc00000|  0%| F|  |TAMS 0x000000008cb00000, 0x000000008cb00000| Untracked 
| 204|0x000000008cc00000, 0x000000008cc00000, 0x000000008cd00000|  0%| F|  |TAMS 0x000000008cc00000, 0x000000008cc00000| Untracked 
| 205|0x000000008cd00000, 0x000000008cd00000, 0x000000008ce00000|  0%| F|  |TAMS 0x000000008cd00000, 0x000000008cd00000| Untracked 
| 206|0x000000008ce00000, 0x000000008ce00000, 0x000000008cf00000|  0%| F|  |TAMS 0x000000008ce00000, 0x000000008ce00000| Untracked 
| 207|0x000000008cf00000, 0x000000008cf00000, 0x000000008d000000|  0%| F|  |TAMS 0x000000008cf00000, 0x000000008cf00000| Untracked 
| 208|0x000000008d000000, 0x000000008d000000, 0x000000008d100000|  0%| F|  |TAMS 0x000000008d000000, 0x000000008d000000| Untracked 
| 209|0x000000008d100000, 0x000000008d100000, 0x000000008d200000|  0%| F|  |TAMS 0x000000008d100000, 0x000000008d100000| Untracked 
| 210|0x000000008d200000, 0x000000008d200000, 0x000000008d300000|  0%| F|  |TAMS 0x000000008d200000, 0x000000008d200000| Untracked 
| 211|0x000000008d300000, 0x000000008d300000, 0x000000008d400000|  0%| F|  |TAMS 0x000000008d300000, 0x000000008d300000| Untracked 
| 212|0x000000008d400000, 0x000000008d400000, 0x000000008d500000|  0%| F|  |TAMS 0x000000008d400000, 0x000000008d400000| Untracked 
| 213|0x000000008d500000, 0x000000008d500000, 0x000000008d600000|  0%| F|  |TAMS 0x000000008d500000, 0x000000008d500000| Untracked 
| 214|0x000000008d600000, 0x000000008d600000, 0x000000008d700000|  0%| F|  |TAMS 0x000000008d600000, 0x000000008d600000| Untracked 
| 215|0x000000008d700000, 0x000000008d700000, 0x000000008d800000|  0%| F|  |TAMS 0x000000008d700000, 0x000000008d700000| Untracked 
| 216|0x000000008d800000, 0x000000008d800000, 0x000000008d900000|  0%| F|  |TAMS 0x000000008d800000, 0x000000008d800000| Untracked 
| 217|0x000000008d900000, 0x000000008d900000, 0x000000008da00000|  0%| F|  |TAMS 0x000000008d900000, 0x000000008d900000| Untracked 
| 218|0x000000008da00000, 0x000000008da00000, 0x000000008db00000|  0%| F|  |TAMS 0x000000008da00000, 0x000000008da00000| Untracked 
| 219|0x000000008db00000, 0x000000008db00000, 0x000000008dc00000|  0%| F|  |TAMS 0x000000008db00000, 0x000000008db00000| Untracked 
| 220|0x000000008dc00000, 0x000000008dc00000, 0x000000008dd00000|  0%| F|  |TAMS 0x000000008dc00000, 0x000000008dc00000| Untracked 
| 221|0x000000008dd00000, 0x000000008dd00000, 0x000000008de00000|  0%| F|  |TAMS 0x000000008dd00000, 0x000000008dd00000| Untracked 
| 222|0x000000008de00000, 0x000000008de00000, 0x000000008df00000|  0%| F|  |TAMS 0x000000008de00000, 0x000000008de00000| Untracked 
| 223|0x000000008df00000, 0x000000008df00000, 0x000000008e000000|  0%| F|  |TAMS 0x000000008df00000, 0x000000008df00000| Untracked 
| 224|0x000000008e000000, 0x000000008e000000, 0x000000008e100000|  0%| F|  |TAMS 0x000000008e000000, 0x000000008e000000| Untracked 
| 225|0x000000008e100000, 0x000000008e100000, 0x000000008e200000|  0%| F|  |TAMS 0x000000008e100000, 0x000000008e100000| Untracked 
| 226|0x000000008e200000, 0x000000008e200000, 0x000000008e300000|  0%| F|  |TAMS 0x000000008e200000, 0x000000008e200000| Untracked 
| 227|0x000000008e300000, 0x000000008e300000, 0x000000008e400000|  0%| F|  |TAMS 0x000000008e300000, 0x000000008e300000| Untracked 
| 228|0x000000008e400000, 0x000000008e400000, 0x000000008e500000|  0%| F|  |TAMS 0x000000008e400000, 0x000000008e400000| Untracked 
| 229|0x000000008e500000, 0x000000008e500000, 0x000000008e600000|  0%| F|  |TAMS 0x000000008e500000, 0x000000008e500000| Untracked 
| 230|0x000000008e600000, 0x000000008e600000, 0x000000008e700000|  0%| F|  |TAMS 0x000000008e600000, 0x000000008e600000| Untracked 
| 231|0x000000008e700000, 0x000000008e700000, 0x000000008e800000|  0%| F|  |TAMS 0x000000008e700000, 0x000000008e700000| Untracked 
| 232|0x000000008e800000, 0x000000008e800000, 0x000000008e900000|  0%| F|  |TAMS 0x000000008e800000, 0x000000008e800000| Untracked 
| 233|0x000000008e900000, 0x000000008e900000, 0x000000008ea00000|  0%| F|  |TAMS 0x000000008e900000, 0x000000008e900000| Untracked 
| 234|0x000000008ea00000, 0x000000008ea00000, 0x000000008eb00000|  0%| F|  |TAMS 0x000000008ea00000, 0x000000008ea00000| Untracked 
| 235|0x000000008eb00000, 0x000000008eb00000, 0x000000008ec00000|  0%| F|  |TAMS 0x000000008eb00000, 0x000000008eb00000| Untracked 
| 236|0x000000008ec00000, 0x000000008ec00000, 0x000000008ed00000|  0%| F|  |TAMS 0x000000008ec00000, 0x000000008ec00000| Untracked 
| 237|0x000000008ed00000, 0x000000008ed00000, 0x000000008ee00000|  0%| F|  |TAMS 0x000000008ed00000, 0x000000008ed00000| Untracked 
| 238|0x000000008ee00000, 0x000000008ee00000, 0x000000008ef00000|  0%| F|  |TAMS 0x000000008ee00000, 0x000000008ee00000| Untracked 
| 239|0x000000008ef00000, 0x000000008ef00000, 0x000000008f000000|  0%| F|  |TAMS 0x000000008ef00000, 0x000000008ef00000| Untracked 
| 240|0x000000008f000000, 0x000000008f000000, 0x000000008f100000|  0%| F|  |TAMS 0x000000008f000000, 0x000000008f000000| Untracked 
| 241|0x000000008f100000, 0x000000008f100000, 0x000000008f200000|  0%| F|  |TAMS 0x000000008f100000, 0x000000008f100000| Untracked 
| 242|0x000000008f200000, 0x000000008f200000, 0x000000008f300000|  0%| F|  |TAMS 0x000000008f200000, 0x000000008f200000| Untracked 
| 243|0x000000008f300000, 0x000000008f300000, 0x000000008f400000|  0%| F|  |TAMS 0x000000008f300000, 0x000000008f300000| Untracked 
| 244|0x000000008f400000, 0x000000008f400000, 0x000000008f500000|  0%| F|  |TAMS 0x000000008f400000, 0x000000008f400000| Untracked 
| 245|0x000000008f500000, 0x000000008f500000, 0x000000008f600000|  0%| F|  |TAMS 0x000000008f500000, 0x000000008f500000| Untracked 
| 246|0x000000008f600000, 0x000000008f600000, 0x000000008f700000|  0%| F|  |TAMS 0x000000008f600000, 0x000000008f600000| Untracked 
| 247|0x000000008f700000, 0x000000008f700000, 0x000000008f800000|  0%| F|  |TAMS 0x000000008f700000, 0x000000008f700000| Untracked 
| 248|0x000000008f800000, 0x000000008f800000, 0x000000008f900000|  0%| F|  |TAMS 0x000000008f800000, 0x000000008f800000| Untracked 
| 249|0x000000008f900000, 0x000000008f900000, 0x000000008fa00000|  0%| F|  |TAMS 0x000000008f900000, 0x000000008f900000| Untracked 
| 250|0x000000008fa00000, 0x000000008fa00000, 0x000000008fb00000|  0%| F|  |TAMS 0x000000008fa00000, 0x000000008fa00000| Untracked 
| 251|0x000000008fb00000, 0x000000008fb00000, 0x000000008fc00000|  0%| F|  |TAMS 0x000000008fb00000, 0x000000008fb00000| Untracked 
| 252|0x000000008fc00000, 0x000000008fc00000, 0x000000008fd00000|  0%| F|  |TAMS 0x000000008fc00000, 0x000000008fc00000| Untracked 
| 253|0x000000008fd00000, 0x000000008fd00000, 0x000000008fe00000|  0%| F|  |TAMS 0x000000008fd00000, 0x000000008fd00000| Untracked 
| 254|0x000000008fe00000, 0x000000008fe00000, 0x000000008ff00000|  0%| F|  |TAMS 0x000000008fe00000, 0x000000008fe00000| Untracked 
| 255|0x000000008ff00000, 0x000000008ff00000, 0x0000000090000000|  0%| F|  |TAMS 0x000000008ff00000, 0x000000008ff00000| Untracked 
| 256|0x0000000090000000, 0x0000000090000000, 0x0000000090100000|  0%| F|  |TAMS 0x0000000090000000, 0x0000000090000000| Untracked 
| 257|0x0000000090100000, 0x0000000090100000, 0x0000000090200000|  0%| F|  |TAMS 0x0000000090100000, 0x0000000090100000| Untracked 
| 258|0x0000000090200000, 0x0000000090200000, 0x0000000090300000|  0%| F|  |TAMS 0x0000000090200000, 0x0000000090200000| Untracked 
| 259|0x0000000090300000, 0x0000000090300000, 0x0000000090400000|  0%| F|  |TAMS 0x0000000090300000, 0x0000000090300000| Untracked 
| 260|0x0000000090400000, 0x0000000090400000, 0x0000000090500000|  0%| F|  |TAMS 0x0000000090400000, 0x0000000090400000| Untracked 
| 261|0x0000000090500000, 0x00000000905441b0, 0x0000000090600000| 26%| E|  |TAMS 0x0000000090500000, 0x0000000090500000| Complete 
| 262|0x0000000090600000, 0x0000000090700000, 0x0000000090700000|100%| E|CS|TAMS 0x0000000090600000, 0x0000000090600000| Complete 
| 263|0x0000000090700000, 0x0000000090800000, 0x0000000090800000|100%| E|CS|TAMS 0x0000000090700000, 0x0000000090700000| Complete 
| 264|0x0000000090800000, 0x0000000090900000, 0x0000000090900000|100%| E|CS|TAMS 0x0000000090800000, 0x0000000090800000| Complete 
| 265|0x0000000090900000, 0x0000000090a00000, 0x0000000090a00000|100%| E|CS|TAMS 0x0000000090900000, 0x0000000090900000| Complete 
| 266|0x0000000090a00000, 0x0000000090b00000, 0x0000000090b00000|100%| E|CS|TAMS 0x0000000090a00000, 0x0000000090a00000| Complete 

Card table byte_map: [0x000001f2ea1c0000,0x000001f2ea5c0000] _byte_map_base: 0x000001f2e9dc0000

Marking Bits (Prev, Next): (CMBitMap*) 0x000001f2d72eedf0, (CMBitMap*) 0x000001f2d72eedb8
 Prev Bits: [0x000001f2ec9c0000, 0x000001f2ee9c0000)
 Next Bits: [0x000001f2ea9c0000, 0x000001f2ec9c0000)

Polling page: 0x000001f2d52b0000

Metaspace:

Usage:
  Non-class:     99.71 MB capacity,    97.71 MB ( 98%) used,     1.68 MB (  2%) free+waste,   327.13 KB ( <1%) overhead. 
      Class:     15.18 MB capacity,    14.05 MB ( 93%) used,  1002.95 KB (  6%) free+waste,   146.88 KB ( <1%) overhead. 
       Both:    114.88 MB capacity,   111.76 MB ( 97%) used,     2.66 MB (  2%) free+waste,   474.00 KB ( <1%) overhead. 

Virtual space:
  Non-class space:      100.00 MB reserved,      99.92 MB (>99%) committed 
      Class space:        1.00 GB reserved,      15.20 MB (  1%) committed 
             Both:        1.10 GB reserved,     115.12 MB ( 10%) committed 

Chunk freelists:
   Non-Class:  3.00 KB
       Class:  11.00 KB
        Both:  14.00 KB

MaxMetaspaceSize: 17179869184.00 GB
CompressedClassSpaceSize: 1.00 GB
Initial GC threshold: 20.80 MB
Current GC threshold: 187.70 MB
CDS: off

CodeHeap 'non-profiled nmethods': size=120064Kb used=8296Kb max_used=8296Kb free=111767Kb
 bounds [0x000001f2e2880000, 0x000001f2e30a0000, 0x000001f2e9dc0000]
CodeHeap 'profiled nmethods': size=120000Kb used=31051Kb max_used=31051Kb free=88948Kb
 bounds [0x000001f2db350000, 0x000001f2dd1b0000, 0x000001f2e2880000]
CodeHeap 'non-nmethods': size=5696Kb used=2451Kb max_used=2514Kb free=3245Kb
 bounds [0x000001f2dadc0000, 0x000001f2db040000, 0x000001f2db350000]
 total_blobs=15323 nmethods=14345 adapters=888
 compilation: enabled
              stopped_count=0, restarted_count=0
 full_count=0

Compilation events (20 events):
Event: 1596.756 Thread 0x000001f2f0ed0800 14536   !   2       sun.net.www.protocol.jar.JarURLConnection::connect (163 bytes)
Event: 1596.757 Thread 0x000001f2f0ed0800 nmethod 14536 0x000001f2dd19e790 code [0x000001f2dd19ea40, 0x000001f2dd19f228]
Event: 1596.759 Thread 0x000001f2f0ed0800 14537       1       org.gradle.tooling.internal.adapter.MethodInvocation::found (5 bytes)
Event: 1596.759 Thread 0x000001f2f0ed0800 nmethod 14537 0x000001f2e308ae10 code [0x000001f2e308afc0, 0x000001f2e308b078]
Event: 1596.760 Thread 0x000001f2f0ed0800 14538       2       org.gradle.internal.resources.ExclusiveAccessResourceLock::doIsLockedByCurrentThread (8 bytes)
Event: 1596.760 Thread 0x000001f2f0ed0800 nmethod 14538 0x000001f2dd19f610 code [0x000001f2dd19f7c0, 0x000001f2dd19f8f8]
Event: 1596.761 Thread 0x000001f2f0ed0800 14539       2       org.gradle.internal.resources.AbstractResourceLockRegistry::associateResourceLock (34 bytes)
Event: 1596.761 Thread 0x000001f2f0ed0800 nmethod 14539 0x000001f2dd19fa10 code [0x000001f2dd19fbe0, 0x000001f2dd19fde8]
Event: 1596.762 Thread 0x000001f2f0ed0800 14540       1       org.gradle.tooling.internal.adapter.MethodInvocation::getName (5 bytes)
Event: 1596.762 Thread 0x000001f2f0ed0800 nmethod 14540 0x000001f2e308b110 code [0x000001f2e308b2c0, 0x000001f2e308b378]
Event: 1596.763 Thread 0x000001f2f0ed0800 14541       2       jdk.internal.reflect.ReflectionFactory::superHasAccessibleConstructor (165 bytes)
Event: 1596.764 Thread 0x000001f2f0ed0800 nmethod 14541 0x000001f2dd19ff10 code [0x000001f2dd1a0180, 0x000001f2dd1a0618]
Event: 1596.769 Thread 0x000001f2f0ed0800 14542       2       jdk.internal.loader.ClassLoaders::bootLoader (4 bytes)
Event: 1596.769 Thread 0x000001f2f0ed0800 nmethod 14542 0x000001f2dd1a0990 code [0x000001f2dd1a0b40, 0x000001f2dd1a0c18]
Event: 1596.772 Thread 0x000001f2f0ed0800 14543       2       org.gradle.internal.execution.impl.DefaultWorkValidationContext::forType (45 bytes)
Event: 1596.772 Thread 0x000001f2f0ed0800 nmethod 14543 0x000001f2dd1a0c90 code [0x000001f2dd1a0e80, 0x000001f2dd1a1258]
Event: 1596.793 Thread 0x000001f2f0ed0800 14544       2       java.io.ObjectOutputStream::writeNonProxyDesc (109 bytes)
Event: 1596.794 Thread 0x000001f2f0ed0800 nmethod 14544 0x000001f2dd1a1390 code [0x000001f2dd1a1620, 0x000001f2dd1a1c68]
Event: 1596.794 Thread 0x000001f2f0ed0800 14545       2       java.io.ObjectOutputStream::writeByte (9 bytes)
Event: 1596.794 Thread 0x000001f2f0ed0800 nmethod 14545 0x000001f2dd1a2190 code [0x000001f2dd1a2340, 0x000001f2dd1a24a8]

GC Heap History (20 events):
Event: 11.636 GC heap before
{Heap before GC invocations=18 (full 0):
 garbage-first heap   total 227328K, used 151080K [0x0000000080000000, 0x0000000100000000)
  region size 1024K, 78 young (79872K), 5 survivors (5120K)
 Metaspace       used 73701K, capacity 75709K, committed 75980K, reserved 1116160K
  class space    used 9415K, capacity 10133K, committed 10188K, reserved 1048576K
}
Event: 11.654 GC heap after
{Heap after GC invocations=19 (full 0):
 garbage-first heap   total 227328K, used 82111K [0x0000000080000000, 0x0000000100000000)
  region size 1024K, 10 young (10240K), 10 survivors (10240K)
 Metaspace       used 73701K, capacity 75709K, committed 75980K, reserved 1116160K
  class space    used 9415K, capacity 10133K, committed 10188K, reserved 1048576K
}
Event: 12.814 GC heap before
{Heap before GC invocations=19 (full 0):
 garbage-first heap   total 227328K, used 156863K [0x0000000080000000, 0x0000000100000000)
  region size 1024K, 83 young (84992K), 10 survivors (10240K)
 Metaspace       used 77294K, capacity 79420K, committed 79564K, reserved 1118208K
  class space    used 9926K, capacity 10681K, committed 10700K, reserved 1048576K
}
Event: 12.837 GC heap after
{Heap after GC invocations=20 (full 0):
 garbage-first heap   total 227328K, used 87544K [0x0000000080000000, 0x0000000100000000)
  region size 1024K, 6 young (6144K), 6 survivors (6144K)
 Metaspace       used 77294K, capacity 79420K, committed 79564K, reserved 1118208K
  class space    used 9926K, capacity 10681K, committed 10700K, reserved 1048576K
}
Event: 13.892 GC heap before
{Heap before GC invocations=20 (full 0):
 garbage-first heap   total 227328K, used 163320K [0x0000000080000000, 0x0000000100000000)
  region size 1024K, 80 young (81920K), 6 survivors (6144K)
 Metaspace       used 82469K, capacity 84592K, committed 84684K, reserved 1122304K
  class space    used 10655K, capacity 11436K, committed 11468K, reserved 1048576K
}
Event: 13.912 GC heap after
{Heap after GC invocations=21 (full 0):
 garbage-first heap   total 227328K, used 93184K [0x0000000080000000, 0x0000000100000000)
  region size 1024K, 10 young (10240K), 10 survivors (10240K)
 Metaspace       used 82469K, capacity 84592K, committed 84684K, reserved 1122304K
  class space    used 10655K, capacity 11436K, committed 11468K, reserved 1048576K
}
Event: 15.755 GC heap before
{Heap before GC invocations=21 (full 0):
 garbage-first heap   total 227328K, used 179200K [0x0000000080000000, 0x0000000100000000)
  region size 1024K, 83 young (84992K), 10 survivors (10240K)
 Metaspace       used 88784K, capacity 91203K, committed 91468K, reserved 1128448K
  class space    used 11387K, capacity 12274K, committed 12364K, reserved 1048576K
}
Event: 15.780 GC heap after
{Heap after GC invocations=22 (full 0):
 garbage-first heap   total 273408K, used 110603K [0x0000000080000000, 0x0000000100000000)
  region size 1024K, 7 young (7168K), 7 survivors (7168K)
 Metaspace       used 88784K, capacity 91203K, committed 91468K, reserved 1128448K
  class space    used 11387K, capacity 12274K, committed 12364K, reserved 1048576K
}
Event: 17.544 GC heap before
{Heap before GC invocations=22 (full 0):
 garbage-first heap   total 273408K, used 195595K [0x0000000080000000, 0x0000000100000000)
  region size 1024K, 90 young (92160K), 7 survivors (7168K)
 Metaspace       used 98570K, capacity 101264K, committed 101580K, reserved 1136640K
  class space    used 12714K, capacity 13685K, committed 13772K, reserved 1048576K
}
Event: 17.560 GC heap after
{Heap after GC invocations=23 (full 0):
 garbage-first heap   total 273408K, used 114641K [0x0000000080000000, 0x0000000100000000)
  region size 1024K, 11 young (11264K), 11 survivors (11264K)
 Metaspace       used 98570K, capacity 101264K, committed 101580K, reserved 1136640K
  class space    used 12714K, capacity 13685K, committed 13772K, reserved 1048576K
}
Event: 19.742 GC heap before
{Heap before GC invocations=23 (full 0):
 garbage-first heap   total 273408K, used 199633K [0x0000000080000000, 0x0000000100000000)
  region size 1024K, 95 young (97280K), 11 survivors (11264K)
 Metaspace       used 104926K, capacity 107696K, committed 107980K, reserved 1142784K
  class space    used 13460K, capacity 14442K, committed 14540K, reserved 1048576K
}
Event: 19.767 GC heap after
{Heap after GC invocations=24 (full 0):
 garbage-first heap   total 273408K, used 122164K [0x0000000080000000, 0x0000000100000000)
  region size 1024K, 12 young (12288K), 12 survivors (12288K)
 Metaspace       used 104926K, capacity 107696K, committed 107980K, reserved 1142784K
  class space    used 13460K, capacity 14442K, committed 14540K, reserved 1048576K
}
Event: 21.361 GC heap before
{Heap before GC invocations=24 (full 0):
 garbage-first heap   total 273408K, used 206132K [0x0000000080000000, 0x0000000100000000)
  region size 1024K, 95 young (97280K), 12 survivors (12288K)
 Metaspace       used 105887K, capacity 108675K, committed 108748K, reserved 1142784K
  class space    used 13508K, capacity 14511K, committed 14540K, reserved 1048576K
}
Event: 21.392 GC heap after
{Heap after GC invocations=25 (full 0):
 garbage-first heap   total 273408K, used 128103K [0x0000000080000000, 0x0000000100000000)
  region size 1024K, 7 young (7168K), 7 survivors (7168K)
 Metaspace       used 105887K, capacity 108675K, committed 108748K, reserved 1142784K
  class space    used 13508K, capacity 14511K, committed 14540K, reserved 1048576K
}
Event: 23.078 GC heap before
{Heap before GC invocations=25 (full 0):
 garbage-first heap   total 273408K, used 212071K [0x0000000080000000, 0x0000000100000000)
  region size 1024K, 90 young (92160K), 7 survivors (7168K)
 Metaspace       used 111216K, capacity 114098K, committed 114252K, reserved 1148928K
  class space    used 14093K, capacity 15152K, committed 15180K, reserved 1048576K
}
Event: 23.097 GC heap after
{Heap after GC invocations=26 (full 0):
 garbage-first heap   total 273408K, used 132027K [0x0000000080000000, 0x0000000100000000)
  region size 1024K, 11 young (11264K), 11 survivors (11264K)
 Metaspace       used 111216K, capacity 114098K, committed 114252K, reserved 1148928K
  class space    used 14093K, capacity 15152K, committed 15180K, reserved 1048576K
}
Event: 23.108 GC heap before
{Heap before GC invocations=26 (full 0):
 garbage-first heap   total 273408K, used 133051K [0x0000000080000000, 0x0000000100000000)
  region size 1024K, 13 young (13312K), 11 survivors (11264K)
 Metaspace       used 111348K, capacity 114194K, committed 114380K, reserved 1148928K
  class space    used 14102K, capacity 15184K, committed 15308K, reserved 1048576K
}
Event: 23.128 GC heap after
{Heap after GC invocations=27 (full 0):
 garbage-first heap   total 273408K, used 132778K [0x0000000080000000, 0x0000000100000000)
  region size 1024K, 6 young (6144K), 6 survivors (6144K)
 Metaspace       used 111348K, capacity 114194K, committed 114380K, reserved 1148928K
  class space    used 14102K, capacity 15184K, committed 15308K, reserved 1048576K
}
Event: 1596.615 GC heap before
{Heap before GC invocations=28 (full 0):
 garbage-first heap   total 273408K, used 217770K [0x0000000080000000, 0x0000000100000000)
  region size 1024K, 90 young (92160K), 6 survivors (6144K)
 Metaspace       used 113950K, capacity 117116K, committed 117368K, reserved 1150976K
  class space    used 14336K, capacity 15464K, committed 15564K, reserved 1048576K
}
Event: 1596.638 GC heap after
{Heap after GC invocations=29 (full 0):
 garbage-first heap   total 273408K, used 135956K [0x0000000080000000, 0x0000000100000000)
  region size 1024K, 9 young (9216K), 9 survivors (9216K)
 Metaspace       used 113950K, capacity 117116K, committed 117368K, reserved 1150976K
  class space    used 14336K, capacity 15464K, committed 15564K, reserved 1048576K
}

Deoptimization events (20 events):
Event: 1596.361 Thread 0x000001f2f45ec800 DEOPT PACKING pc=0x000001f2e2d9ae10 sp=0x00000018d5bfe410
Event: 1596.361 Thread 0x000001f2f45ec800 DEOPT UNPACKING pc=0x000001f2dae0a1af sp=0x00000018d5bfe3b0 mode 2
Event: 1596.372 Thread 0x000001f2f50b9800 Uncommon trap: trap_request=0xffffff4d fr.pc=0x000001f2e2e513d4 relative=0x0000000000000234
Event: 1596.372 Thread 0x000001f2f50b9800 Uncommon trap: reason=unstable_if action=reinterpret pc=0x000001f2e2e513d4 method=java.io.ByteArrayInputStream.read()I @ 8 c2
Event: 1596.372 Thread 0x000001f2f50b9800 DEOPT PACKING pc=0x000001f2e2e513d4 sp=0x00000018d4bf8ee0
Event: 1596.372 Thread 0x000001f2f50b9800 DEOPT UNPACKING pc=0x000001f2dae0a1af sp=0x00000018d4bf8e90 mode 2
Event: 1596.404 Thread 0x000001f2f50b9800 Uncommon trap: trap_request=0xffffffc6 fr.pc=0x000001f2e3058fe8 relative=0x0000000000000868
Event: 1596.404 Thread 0x000001f2f50b9800 Uncommon trap: reason=bimorphic_or_optimized_type_check action=maybe_recompile pc=0x000001f2e3058fe8 method=java.util.HashMap.removeNode(ILjava/lang/Object;Ljava/lang/Object;ZZ)Ljava/util/HashMap$Node; @ 68 c2
Event: 1596.404 Thread 0x000001f2f50b9800 DEOPT PACKING pc=0x000001f2e3058fe8 sp=0x00000018d4bf9410
Event: 1596.404 Thread 0x000001f2f50b9800 DEOPT UNPACKING pc=0x000001f2dae0a1af sp=0x00000018d4bf93a8 mode 2
Event: 1596.452 Thread 0x000001f2f50b9800 DEOPT PACKING pc=0x000001f2db866bf9 sp=0x00000018d4bf7f90
Event: 1596.452 Thread 0x000001f2f50b9800 DEOPT UNPACKING pc=0x000001f2dae0a95e sp=0x00000018d4bf7458 mode 0
Event: 1596.465 Thread 0x000001f2f50b9800 DEOPT PACKING pc=0x000001f2dbc1fd53 sp=0x00000018d4bf5eb0
Event: 1596.465 Thread 0x000001f2f50b9800 DEOPT UNPACKING pc=0x000001f2dae0a95e sp=0x00000018d4bf5360 mode 0
Event: 1596.554 Thread 0x000001f2f50b9800 Uncommon trap: trap_request=0xffffffc6 fr.pc=0x000001f2e3058fe8 relative=0x0000000000000868
Event: 1596.554 Thread 0x000001f2f50b9800 Uncommon trap: reason=bimorphic_or_optimized_type_check action=maybe_recompile pc=0x000001f2e3058fe8 method=java.util.HashMap.removeNode(ILjava/lang/Object;Ljava/lang/Object;ZZ)Ljava/util/HashMap$Node; @ 68 c2
Event: 1596.554 Thread 0x000001f2f50b9800 DEOPT PACKING pc=0x000001f2e3058fe8 sp=0x00000018d4bf92d0
Event: 1596.554 Thread 0x000001f2f50b9800 DEOPT UNPACKING pc=0x000001f2dae0a1af sp=0x00000018d4bf9268 mode 2
Event: 1596.670 Thread 0x000001f2f50b9800 DEOPT PACKING pc=0x000001f2dc568d4b sp=0x00000018d4bf8650
Event: 1596.670 Thread 0x000001f2f50b9800 DEOPT UNPACKING pc=0x000001f2dae0a95e sp=0x00000018d4bf7b10 mode 0

Classes redefined (0 events):
No events

Internal exceptions (20 events):
Event: 1596.106 Thread 0x000001f2f50b9800 Exception <a 'java/lang/NoSuchMethodError'{0x000000008d8ad8c0}: <clinit>> (0x000000008d8ad8c0) thrown at [./src/hotspot/share/prims/jni.cpp, line 1365]
Event: 1596.106 Thread 0x000001f2f50b9800 Exception <a 'java/lang/NoSuchMethodError'{0x000000008d8aedf8}: <clinit>> (0x000000008d8aedf8) thrown at [./src/hotspot/share/prims/jni.cpp, line 1365]
Event: 1596.142 Thread 0x000001f2f50b9800 Exception <a 'java/lang/ClassNotFoundException'{0x000000008d563288}: sync_studio_tooling1_5ww5sy7rbk13wirpq4hfb9q2yBeanInfo> (0x000000008d563288) thrown at [./src/hotspot/share/classfile/systemDictionary.cpp, line 231]
Event: 1596.142 Thread 0x000001f2f50b9800 Exception <a 'java/lang/ClassNotFoundException'{0x000000008d570ef8}: sync_studio_tooling1_5ww5sy7rbk13wirpq4hfb9q2yCustomizer> (0x000000008d570ef8) thrown at [./src/hotspot/share/classfile/systemDictionary.cpp, line 231]
Event: 1596.160 Thread 0x000001f2f50b9800 Exception <a 'java/lang/ClassNotFoundException'{0x000000008d447f88}: sync_studio_tooling1_5ww5sy7rbk13wirpq4hfb9q2yBeanInfo> (0x000000008d447f88) thrown at [./src/hotspot/share/classfile/systemDictionary.cpp, line 231]
Event: 1596.160 Thread 0x000001f2f50b9800 Exception <a 'java/lang/ClassNotFoundException'{0x000000008d455b88}: sync_studio_tooling1_5ww5sy7rbk13wirpq4hfb9q2yCustomizer> (0x000000008d455b88) thrown at [./src/hotspot/share/classfile/systemDictionary.cpp, line 231]
Event: 1596.408 Thread 0x000001f2f50b9800 Exception <a 'java/lang/ClassNotFoundException'{0x000000008bb2ae70}: build_7bs8q31vafau74h78dw7f6p9mBeanInfo> (0x000000008bb2ae70) thrown at [./src/hotspot/share/classfile/systemDictionary.cpp, line 231]
Event: 1596.409 Thread 0x000001f2f50b9800 Exception <a 'java/lang/ClassNotFoundException'{0x000000008bb376c8}: build_7bs8q31vafau74h78dw7f6p9mCustomizer> (0x000000008bb376c8) thrown at [./src/hotspot/share/classfile/systemDictionary.cpp, line 231]
Event: 1596.438 Thread 0x000001f2f50b9800 Exception <a 'sun/nio/fs/WindowsException'{0x000000008b9461f0}> (0x000000008b9461f0) thrown at [./src/hotspot/share/prims/jni.cpp, line 615]
Event: 1596.533 Thread 0x000001f2f45ec800 Exception <a 'sun/nio/fs/WindowsException'{0x000000008b6666d8}> (0x000000008b6666d8) thrown at [./src/hotspot/share/prims/jni.cpp, line 615]
Event: 1596.552 Thread 0x000001f2f45ec800 Exception <a 'sun/nio/fs/WindowsException'{0x000000008b405ab8}> (0x000000008b405ab8) thrown at [./src/hotspot/share/prims/jni.cpp, line 615]
Event: 1596.553 Thread 0x000001f2f45ec800 Exception <a 'sun/nio/fs/WindowsException'{0x000000008b405c20}> (0x000000008b405c20) thrown at [./src/hotspot/share/prims/jni.cpp, line 615]
Event: 1596.558 Thread 0x000001f2f50b9800 Exception <a 'java/lang/ClassNotFoundException'{0x000000008b48b2f0}: build_7bs8q31vafau74h78dw7f6p9mBeanInfo> (0x000000008b48b2f0) thrown at [./src/hotspot/share/classfile/systemDictionary.cpp, line 231]
Event: 1596.558 Thread 0x000001f2f50b9800 Exception <a 'java/lang/ClassNotFoundException'{0x000000008b497ba8}: build_7bs8q31vafau74h78dw7f6p9mCustomizer> (0x000000008b497ba8) thrown at [./src/hotspot/share/classfile/systemDictionary.cpp, line 231]
Event: 1596.564 Thread 0x000001f2f50b9800 Exception <a 'java/lang/ClassNotFoundException'{0x000000008b31a118}: build_7bs8q31vafau74h78dw7f6p9m$_run_closure1$_closure4BeanInfo> (0x000000008b31a118) thrown at [./src/hotspot/share/classfile/systemDictionary.cpp, line 231]
Event: 1596.565 Thread 0x000001f2f50b9800 Exception <a 'java/lang/ClassNotFoundException'{0x000000008b329160}: build_7bs8q31vafau74h78dw7f6p9m$_run_closure1$_closure4Customizer> (0x000000008b329160) thrown at [./src/hotspot/share/classfile/systemDictionary.cpp, line 231]
Event: 1596.567 Thread 0x000001f2f50b9800 Exception <a 'java/lang/ClassNotFoundException'{0x000000008b351068}: build_7bs8q31vafau74h78dw7f6p9m$_run_closure1BeanInfo> (0x000000008b351068) thrown at [./src/hotspot/share/classfile/systemDictionary.cpp, line 231]
Event: 1596.567 Thread 0x000001f2f50b9800 Exception <a 'java/lang/ClassNotFoundException'{0x000000008b360080}: build_7bs8q31vafau74h78dw7f6p9m$_run_closure1Customizer> (0x000000008b360080) thrown at [./src/hotspot/share/classfile/systemDictionary.cpp, line 231]
Event: 1596.650 Thread 0x000001f2f50b9800 Exception <a 'java/lang/NoClassDefFoundError'{0x0000000090ab1bc0}: org/jetbrains/kotlin/gradle/plugin/KotlinBasePluginWrapper> (0x0000000090ab1bc0) thrown at [./src/hotspot/share/oops/constantPool.cpp, line 775]
Event: 1596.675 Thread 0x000001f2f50b9800 Exception <a 'sun/nio/fs/WindowsException'{0x000000009092d6d0}> (0x000000009092d6d0) thrown at [./src/hotspot/share/prims/jni.cpp, line 615]

Events (20 events):
Event: 1596.748 loading class org/jetbrains/plugins/gradle/tooling/serialization/KotlinDslScriptsModelSerializationService
Event: 1596.748 loading class org/jetbrains/plugins/gradle/tooling/serialization/KotlinDslScriptsModelSerializationService done
Event: 1596.758 loading class org/jetbrains/plugins/gradle/model/ProjectImportAction$MyBuildController
Event: 1596.758 loading class org/jetbrains/plugins/gradle/model/ProjectImportAction$MyBuildController done
Event: 1596.758 loading class org/jetbrains/plugins/gradle/model/ProjectImportAction$5
Event: 1596.758 loading class org/jetbrains/plugins/gradle/model/ProjectImportAction$5 done
Event: 1596.759 loading class org/jetbrains/plugins/gradle/model/ProjectImportAction$6
Event: 1596.759 loading class org/jetbrains/plugins/gradle/model/ProjectImportAction$6 done
Event: 1596.761 loading class org/jetbrains/plugins/gradle/model/ProjectImportAction$7
Event: 1596.761 loading class org/jetbrains/plugins/gradle/model/ProjectImportAction$7 done
Event: 1596.762 loading class org/jetbrains/plugins/gradle/model/ProjectImportAction$1
Event: 1596.762 loading class org/jetbrains/plugins/gradle/model/ProjectImportAction$1 done
Event: 1596.762 loading class org/jetbrains/plugins/gradle/model/internal/TurnOffDefaultTasks
Event: 1596.762 loading class org/jetbrains/plugins/gradle/model/internal/TurnOffDefaultTasks done
Event: 1596.763 loading class com/intellij/util/Consumer
Event: 1596.763 loading class com/intellij/util/Consumer done
Event: 1596.771 Thread 0x000001f2f7497000 Thread added: 0x000001f2f7497000
Event: 1596.771 Thread 0x000001f2f7494000 Thread added: 0x000001f2f7494000
Event: 1596.771 Thread 0x000001f2f7493000 Thread added: 0x000001f2f7493000
Event: 1596.773 Thread 0x000001f2f7491800 Thread added: 0x000001f2f7491800


Dynamic libraries:
0x00007ff68da30000 - 0x00007ff68da3a000 	C:\Program Files\Android\Android Studio\jre\bin\java.exe
0x00007ffae4710000 - 0x00007ffae4905000 	C:\Windows\SYSTEM32\ntdll.dll
0x00007ffae3d90000 - 0x00007ffae3e4d000 	C:\Windows\System32\KERNEL32.DLL
0x00007ffae1e70000 - 0x00007ffae213d000 	C:\Windows\System32\KERNELBASE.dll
0x00007ffae2140000 - 0x00007ffae2240000 	C:\Windows\System32\ucrtbase.dll
0x00007ffacee90000 - 0x00007ffaceea9000 	C:\Program Files\Android\Android Studio\jre\bin\jli.dll
0x00007ffacee70000 - 0x00007ffacee87000 	C:\Program Files\Android\Android Studio\jre\bin\VCRUNTIME140.dll
0x00007ffae3ad0000 - 0x00007ffae3c70000 	C:\Windows\System32\USER32.dll
0x00007ffac3b50000 - 0x00007ffac3dea000 	C:\Windows\WinSxS\amd64_microsoft.windows.common-controls_6595b64144ccf1df_6.0.19041.1110_none_60b5254171f9507e\COMCTL32.dll
0x00007ffae2730000 - 0x00007ffae2752000 	C:\Windows\System32\win32u.dll
0x00007ffae3c90000 - 0x00007ffae3d2e000 	C:\Windows\System32\msvcrt.dll
0x00007ffae4330000 - 0x00007ffae435a000 	C:\Windows\System32\GDI32.dll
0x00007ffae2550000 - 0x00007ffae265b000 	C:\Windows\System32\gdi32full.dll
0x00007ffae2660000 - 0x00007ffae26fd000 	C:\Windows\System32\msvcp_win.dll
0x00007ffae2970000 - 0x00007ffae29a0000 	C:\Windows\System32\IMM32.DLL
0x00007ffaa0600000 - 0x00007ffaa069d000 	C:\Program Files\Android\Android Studio\jre\bin\msvcp140.dll
0x00007ffaa5220000 - 0x00007ffaa5d05000 	C:\Program Files\Android\Android Studio\jre\bin\server\jvm.dll
0x00007ffae3f70000 - 0x00007ffae401e000 	C:\Windows\System32\ADVAPI32.dll
0x00007ffae4020000 - 0x00007ffae40bc000 	C:\Windows\System32\sechost.dll
0x00007ffae2840000 - 0x00007ffae2965000 	C:\Windows\System32\RPCRT4.dll
0x00007ffae3c70000 - 0x00007ffae3c78000 	C:\Windows\System32\PSAPI.DLL
0x00007ffaceab0000 - 0x00007ffaceab9000 	C:\Windows\SYSTEM32\WSOCK32.dll
0x00007ffac74a0000 - 0x00007ffac74c7000 	C:\Windows\SYSTEM32\WINMM.dll
0x00007ffad1b00000 - 0x00007ffad1b0a000 	C:\Windows\SYSTEM32\VERSION.dll
0x00007ffae42c0000 - 0x00007ffae432b000 	C:\Windows\System32\WS2_32.dll
0x00007ffae06e0000 - 0x00007ffae06f2000 	C:\Windows\SYSTEM32\kernel.appcore.dll
0x00007ffaba660000 - 0x00007ffaba671000 	C:\Program Files\Android\Android Studio\jre\bin\verify.dll
0x00007ffadfc00000 - 0x00007ffadfde4000 	C:\Windows\SYSTEM32\DBGHELP.DLL
0x00007ffad0450000 - 0x00007ffad047c000 	C:\Windows\SYSTEM32\dbgcore.DLL
0x00007ffae2240000 - 0x00007ffae22c2000 	C:\Windows\System32\bcryptPrimitives.dll
0x00007ffaba540000 - 0x00007ffaba569000 	C:\Program Files\Android\Android Studio\jre\bin\java.dll
0x00007fface3e0000 - 0x00007fface3eb000 	C:\Program Files\Android\Android Studio\jre\bin\jimage.dll
0x00007ffaba1c0000 - 0x00007ffaba1d8000 	C:\Program Files\Android\Android Studio\jre\bin\zip.dll
0x00007ffae3170000 - 0x00007ffae38b4000 	C:\Windows\System32\SHELL32.dll
0x00007ffadff00000 - 0x00007ffae0694000 	C:\Windows\SYSTEM32\windows.storage.dll
0x00007ffae4370000 - 0x00007ffae46c4000 	C:\Windows\System32\combase.dll
0x00007ffae1810000 - 0x00007ffae183c000 	C:\Windows\SYSTEM32\Wldp.dll
0x00007ffae30c0000 - 0x00007ffae316d000 	C:\Windows\System32\SHCORE.dll
0x00007ffae3d30000 - 0x00007ffae3d85000 	C:\Windows\System32\shlwapi.dll
0x00007ffae1d60000 - 0x00007ffae1d7f000 	C:\Windows\SYSTEM32\profapi.dll
0x00007ffab9700000 - 0x00007ffab971a000 	C:\Program Files\Android\Android Studio\jre\bin\net.dll
0x00007ffad9b00000 - 0x00007ffad9c0a000 	C:\Windows\SYSTEM32\WINHTTP.dll
0x00007ffae1510000 - 0x00007ffae157a000 	C:\Windows\system32\mswsock.dll
0x00007ffab7f20000 - 0x00007ffab7f34000 	C:\Program Files\Android\Android Studio\jre\bin\nio.dll
0x00007ffaa9c10000 - 0x00007ffaa9c37000 	C:\Users\Charl\.gradle\native\e1d6ef7f7dcc3fd88c89a11ec53ec762bb8ba0a96d01ffa2cd45eb1d1d8dd5c5\windows-amd64\native-platform.dll
0x00007ffa9de60000 - 0x00007ffa9dfa4000 	C:\Users\Charl\.gradle\native\5664cfc778a61ccfe75a443a1ab52a65af34e5dc3c78e0209fed803814484fcb\windows-amd64\native-platform-file-events.dll
0x00007ffac6240000 - 0x00007ffac624a000 	C:\Program Files\Android\Android Studio\jre\bin\management.dll
0x00007ffac6170000 - 0x00007ffac617d000 	C:\Program Files\Android\Android Studio\jre\bin\management_ext.dll
0x00007ffae1710000 - 0x00007ffae1728000 	C:\Windows\SYSTEM32\CRYPTSP.dll
0x00007ffae0e90000 - 0x00007ffae0ec4000 	C:\Windows\system32\rsaenh.dll
0x00007ffae2700000 - 0x00007ffae2727000 	C:\Windows\System32\bcrypt.dll
0x00007ffae1d20000 - 0x00007ffae1d4e000 	C:\Windows\SYSTEM32\USERENV.dll
0x00007ffae1700000 - 0x00007ffae170c000 	C:\Windows\SYSTEM32\CRYPTBASE.dll
0x00007ffae1200000 - 0x00007ffae123b000 	C:\Windows\SYSTEM32\IPHLPAPI.DLL
0x00007ffae4360000 - 0x00007ffae4368000 	C:\Windows\System32\NSI.dll
0x00007ffadbf40000 - 0x00007ffadbf57000 	C:\Windows\SYSTEM32\dhcpcsvc6.DLL
0x00007ffadb970000 - 0x00007ffadb98d000 	C:\Windows\SYSTEM32\dhcpcsvc.DLL
0x00007ffae1240000 - 0x00007ffae130b000 	C:\Windows\SYSTEM32\DNSAPI.dll
0x00007ffabdc70000 - 0x00007ffabdc97000 	C:\Program Files\Android\Android Studio\jre\bin\sunec.dll
0x00007ffad9c10000 - 0x00007ffad9c1a000 	C:\Windows\System32\rasadhlp.dll
0x00007ffad7ec0000 - 0x00007ffad7f40000 	C:\Windows\System32\fwpuclnt.dll

dbghelp: loaded successfully - version: 4.0.5 - missing functions: none
symbol engine: initialized successfully - sym options: 0x614 - pdb path: .;C:\Program Files\Android\Android Studio\jre\bin;C:\Windows\SYSTEM32;C:\Windows\WinSxS\amd64_microsoft.windows.common-controls_6595b64144ccf1df_6.0.19041.1110_none_60b5254171f9507e;C:\Program Files\Android\Android Studio\jre\bin\server;C:\Users\Charl\.gradle\native\e1d6ef7f7dcc3fd88c89a11ec53ec762bb8ba0a96d01ffa2cd45eb1d1d8dd5c5\windows-amd64;C:\Users\Charl\.gradle\native\5664cfc778a61ccfe75a443a1ab52a65af34e5dc3c78e0209fed803814484fcb\windows-amd64

VM Arguments:
jvm_args: --add-opens=java.base/java.util=ALL-UNNAMED --add-opens=java.base/java.lang=ALL-UNNAMED --add-opens=java.base/java.lang.invoke=ALL-UNNAMED --add-opens=java.base/java.util=ALL-UNNAMED --add-opens=java.prefs/java.util.prefs=ALL-UNNAMED --add-opens=java.prefs/java.util.prefs=ALL-UNNAMED --add-opens=java.base/java.nio.charset=ALL-UNNAMED --add-opens=java.base/java.net=ALL-UNNAMED --add-opens=java.base/java.util.concurrent.atomic=ALL-UNNAMED -Xmx2048m -Dfile.encoding=UTF-8 -Duser.country=ES -Duser.language=es -Duser.variant 
java_command: org.gradle.launcher.daemon.bootstrap.GradleDaemon 7.3.3
java_class_path (initial): C:\Users\Charl\.gradle\wrapper\dists\gradle-7.3.3-bin\6a41zxkdtcxs8rphpq6y0069z\gradle-7.3.3\lib\gradle-launcher-7.3.3.jar
Launcher Type: SUN_STANDARD

[Global flags]
     intx CICompilerCount                          = 3                                         {product} {ergonomic}
     uint ConcGCThreads                            = 1                                         {product} {ergonomic}
     uint G1ConcRefinementThreads                  = 4                                         {product} {ergonomic}
   size_t G1HeapRegionSize                         = 1048576                                   {product} {ergonomic}
    uintx GCDrainStackTargetSize                   = 64                                        {product} {ergonomic}
   size_t InitialHeapSize                          = 134217728                                 {product} {ergonomic}
   size_t MarkStackSize                            = 4194304                                   {product} {ergonomic}
   size_t MaxHeapSize                              = 2147483648                                {product} {command line}
   size_t MaxNewSize                               = 1287651328                                {product} {ergonomic}
   size_t MinHeapDeltaBytes                        = 1048576                                   {product} {ergonomic}
    uintx NonNMethodCodeHeapSize                   = 5830732                                {pd product} {ergonomic}
    uintx NonProfiledCodeHeapSize                  = 122913754                              {pd product} {ergonomic}
    uintx ProfiledCodeHeapSize                     = 122913754                              {pd product} {ergonomic}
    uintx ReservedCodeCacheSize                    = 251658240                              {pd product} {ergonomic}
     bool SegmentedCodeCache                       = true                                      {product} {ergonomic}
     bool UseCompressedClassPointers               = true                                 {lp64_product} {ergonomic}
     bool UseCompressedOops                        = true                                 {lp64_product} {ergonomic}
     bool UseG1GC                                  = true                                      {product} {ergonomic}
     bool UseLargePagesIndividualAllocation        = false                                  {pd product} {ergonomic}

Logging:
Log output configuration:
 #0: stdout all=warning uptime,level,tags
 #1: stderr all=off uptime,level,tags

Environment Variables:
PATH=C:\Windows\system32;C:\Windows;C:\Windows\System32\Wbem;C:\Windows\System32\WindowsPowerShell\v1.0\;C:\Windows\System32\OpenSSH\;C:\Program Files (x86)\Microsoft SQL Server\150\DTS\Binn\;C:\Program Files\Azure Data Studio\bin;C:\Program Files\Microsoft SQL Server\Client SDK\ODBC\170\Tools\Binn\;C:\Program Files (x86)\Microsoft SQL Server\150\Tools\Binn\;C:\Program Files\Microsoft SQL Server\150\Tools\Binn\;C:\Program Files\Microsoft SQL Server\150\DTS\Binn\;C:\Users\Charl\AppData\Local\Microsoft\WindowsApps;;C:\Program Files\Azure Data Studio\bin
USERNAME=Charl
OS=Windows_NT
PROCESSOR_IDENTIFIER=Intel64 Family 6 Model 142 Stepping 12, GenuineIntel



---------------  S Y S T E M  ---------------

OS: Windows 10 , 64 bit Build 19041 (10.0.19041.1706)
OS uptime: 0 days 6:40 hours

CPU:total 4 (initial active 4) (2 cores per cpu, 2 threads per core) family 6 model 142 stepping 12 microcode 0xb8, cmov, cx8, fxsr, mmx, sse, sse2, sse3, ssse3, sse4.1, sse4.2, popcnt, avx, avx2, aes, clmul, erms, 3dnowpref, lzcnt, ht, tsc, tscinvbit, bmi1, bmi2, adx, fma

Memory: 4k page, system-wide physical 8083M (1811M free)
TotalPageFile size 16275M (AvailPageFile size 7004M)
current process WorkingSet (physical memory assigned to process): 580M, peak: 583M
current process commit charge ("private bytes"): 610M, peak: 612M

vm_info: OpenJDK 64-Bit Server VM (11.0.12+7-b1504.28-7817840) for windows-amd64 JRE (11.0.12+7-b1504.28-7817840), built on Oct 13 2021 22:12:33 by "builder" with MS VC++ 14.0 (VS2015)

END.
